{"D:\\MASTER1\\DEVOPS\\API-SPRING-test\\src\\secretKey.ts": {"path":"D:\\MASTER1\\DEVOPS\\API-SPRING-test\\src\\secretKey.ts","statementMap":{"0":{"start":{"line":1,"column":13},"end":{"line":1,"column":54}}},"fnMap":{},"branchMap":{},"s":{"0":2},"f":{},"b":{}}
,"D:\\MASTER1\\DEVOPS\\API-SPRING-test\\src\\server.ts": {"path":"D:\\MASTER1\\DEVOPS\\API-SPRING-test\\src\\server.ts","statementMap":{"0":{"start":{"line":1,"column":0},"end":{"line":1,"column":74}},"1":{"start":{"line":2,"column":0},"end":{"line":2,"column":26}},"2":{"start":{"line":3,"column":0},"end":{"line":3,"column":114}},"3":{"start":{"line":4,"column":0},"end":{"line":4,"column":63}},"4":{"start":{"line":5,"column":0},"end":{"line":5,"column":131}},"5":{"start":{"line":6,"column":0},"end":{"line":6,"column":24}},"6":{"start":{"line":7,"column":0},"end":{"line":7,"column":75}},"7":{"start":{"line":8,"column":0},"end":{"line":8,"column":28}},"8":{"start":{"line":9,"column":0},"end":{"line":9,"column":109}},"9":{"start":{"line":10,"column":0},"end":{"line":10,"column":56}},"10":{"start":{"line":11,"column":0},"end":{"line":11,"column":80}},"11":{"start":{"line":12,"column":0},"end":{"line":12,"column":63}},"12":{"start":{"line":13,"column":0},"end":{"line":13,"column":24}},"13":{"start":{"line":15,"column":0},"end":{"line":15,"column":null}},"14":{"start":{"line":22,"column":0},"end":{"line":22,"column":143}},"15":{"start":{"line":24,"column":22},"end":{"line":24,"column":31}},"16":{"start":{"line":25,"column":13},"end":{"line":25,"column":17}},"17":{"start":{"line":27,"column":0},"end":{"line":27,"column":24}},"18":{"start":{"line":28,"column":0},"end":{"line":28,"column":23}},"19":{"start":{"line":29,"column":0},"end":{"line":33,"column":4}},"20":{"start":{"line":35,"column":20},"end":{"line":35,"column":57}},"21":{"start":{"line":36,"column":0},"end":{"line":36,"column":62}},"22":{"start":{"line":37,"column":0},"end":{"line":37,"column":49}},"23":{"start":{"line":39,"column":0},"end":{"line":43,"column":3}},"24":{"start":{"line":40,"column":4},"end":{"line":42,"column":7}},"25":{"start":{"line":48,"column":0},"end":{"line":48,"column":34}},"26":{"start":{"line":49,"column":0},"end":{"line":49,"column":60}},"27":{"start":{"line":52,"column":0},"end":{"line":52,"column":47}},"28":{"start":{"line":53,"column":0},"end":{"line":53,"column":60}},"29":{"start":{"line":57,"column":0},"end":{"line":57,"column":45}},"30":{"start":{"line":58,"column":0},"end":{"line":58,"column":44}},"31":{"start":{"line":59,"column":0},"end":{"line":59,"column":62}},"32":{"start":{"line":60,"column":0},"end":{"line":60,"column":70}},"33":{"start":{"line":61,"column":0},"end":{"line":61,"column":43}},"34":{"start":{"line":64,"column":0},"end":{"line":64,"column":58}},"35":{"start":{"line":65,"column":0},"end":{"line":65,"column":64}},"36":{"start":{"line":66,"column":0},"end":{"line":66,"column":64}},"37":{"start":{"line":67,"column":0},"end":{"line":67,"column":74}},"38":{"start":{"line":68,"column":0},"end":{"line":68,"column":52}},"39":{"start":{"line":69,"column":0},"end":{"line":69,"column":52}},"40":{"start":{"line":70,"column":0},"end":{"line":70,"column":50}},"41":{"start":{"line":71,"column":0},"end":{"line":71,"column":56}},"42":{"start":{"line":72,"column":0},"end":{"line":72,"column":56}},"43":{"start":{"line":73,"column":0},"end":{"line":73,"column":60}},"44":{"start":{"line":74,"column":0},"end":{"line":74,"column":66}},"45":{"start":{"line":79,"column":0},"end":{"line":79,"column":64}},"46":{"start":{"line":81,"column":0},"end":{"line":81,"column":65}},"47":{"start":{"line":83,"column":0},"end":{"line":83,"column":62}},"48":{"start":{"line":85,"column":0},"end":{"line":85,"column":42}},"49":{"start":{"line":86,"column":0},"end":{"line":86,"column":63}},"50":{"start":{"line":87,"column":0},"end":{"line":87,"column":62}},"51":{"start":{"line":88,"column":0},"end":{"line":88,"column":48}},"52":{"start":{"line":92,"column":0},"end":{"line":92,"column":56}},"53":{"start":{"line":93,"column":0},"end":{"line":93,"column":42}},"54":{"start":{"line":97,"column":0},"end":{"line":112,"column":3}},"55":{"start":{"line":97,"column":61},"end":{"line":112,"column":2}},"56":{"start":{"line":98,"column":4},"end":{"line":98,"column":null}},"57":{"start":{"line":99,"column":25},"end":{"line":99,"column":34}},"58":{"start":{"line":100,"column":4},"end":{"line":100,"column":null}},"59":{"start":{"line":101,"column":4},"end":{"line":103,"column":5}},"60":{"start":{"line":102,"column":8},"end":{"line":102,"column":81}},"61":{"start":{"line":105,"column":4},"end":{"line":111,"column":5}},"62":{"start":{"line":106,"column":25},"end":{"line":106,"column":77}},"63":{"start":{"line":107,"column":8},"end":{"line":107,"column":44}},"64":{"start":{"line":109,"column":8},"end":{"line":109,"column":69}},"65":{"start":{"line":110,"column":8},"end":{"line":110,"column":79}},"66":{"start":{"line":114,"column":0},"end":{"line":117,"column":3}},"67":{"start":{"line":115,"column":4},"end":{"line":115,"column":29}},"68":{"start":{"line":116,"column":4},"end":{"line":116,"column":45}},"69":{"start":{"line":119,"column":0},"end":{"line":123,"column":1}},"70":{"start":{"line":120,"column":4},"end":{"line":122,"column":7}},"71":{"start":{"line":121,"column":8},"end":{"line":121,"column":48}},"72":{"start":{"line":126,"column":0},"end":{"line":126,"column":36}},"73":{"start":{"line":130,"column":0},"end":{"line":130,"column":79}},"74":{"start":{"line":131,"column":0},"end":{"line":131,"column":56}},"75":{"start":{"line":135,"column":0},"end":{"line":135,"column":36}},"76":{"start":{"line":136,"column":0},"end":{"line":136,"column":51}},"77":{"start":{"line":137,"column":0},"end":{"line":137,"column":48}},"78":{"start":{"line":139,"column":0},"end":{"line":161,"column":3}},"79":{"start":{"line":139,"column":109},"end":{"line":161,"column":2}},"80":{"start":{"line":140,"column":4},"end":{"line":160,"column":5}},"81":{"start":{"line":141,"column":8},"end":{"line":143,"column":9}},"82":{"start":{"line":142,"column":12},"end":{"line":142,"column":75}},"83":{"start":{"line":145,"column":23},"end":{"line":145,"column":44}},"84":{"start":{"line":146,"column":8},"end":{"line":148,"column":9}},"85":{"start":{"line":147,"column":12},"end":{"line":147,"column":84}},"86":{"start":{"line":150,"column":25},"end":{"line":150,"column":56}},"87":{"start":{"line":153,"column":35},"end":{"line":153,"column":59}},"88":{"start":{"line":154,"column":8},"end":{"line":154,"column":83}},"89":{"start":{"line":156,"column":8},"end":{"line":156,"column":73}},"90":{"start":{"line":158,"column":8},"end":{"line":158,"column":61}},"91":{"start":{"line":159,"column":8},"end":{"line":159,"column":81}},"92":{"start":{"line":166,"column":0},"end":{"line":166,"column":19}}},"fnMap":{"0":{"name":"(anonymous_8)","decl":{"start":{"line":39,"column":13},"end":{"line":39,"column":14}},"loc":{"start":{"line":39,"column":54},"end":{"line":43,"column":1}}},"1":{"name":"(anonymous_9)","decl":{"start":{"line":97,"column":23},"end":{"line":97,"column":30}},"loc":{"start":{"line":97,"column":61},"end":{"line":112,"column":2}}},"2":{"name":"(anonymous_10)","decl":{"start":{"line":97,"column":61},"end":{"line":97,"column":null}},"loc":{"start":{"line":97,"column":61},"end":{"line":112,"column":1}}},"3":{"name":"(anonymous_11)","decl":{"start":{"line":114,"column":8},"end":{"line":114,"column":9}},"loc":{"start":{"line":114,"column":70},"end":{"line":117,"column":1}}},"4":{"name":"(anonymous_12)","decl":{"start":{"line":120,"column":21},"end":{"line":120,"column":30}},"loc":{"start":{"line":120,"column":32},"end":{"line":122,"column":5}}},"5":{"name":"(anonymous_13)","decl":{"start":{"line":139,"column":71},"end":{"line":139,"column":78}},"loc":{"start":{"line":139,"column":109},"end":{"line":161,"column":2}}},"6":{"name":"(anonymous_14)","decl":{"start":{"line":139,"column":109},"end":{"line":139,"column":null}},"loc":{"start":{"line":139,"column":109},"end":{"line":161,"column":1}}}},"branchMap":{"0":{"loc":{"start":{"line":101,"column":4},"end":{"line":103,"column":5}},"type":"if","locations":[{"start":{"line":101,"column":4},"end":{"line":103,"column":5}}]},"1":{"loc":{"start":{"line":119,"column":0},"end":{"line":123,"column":1}},"type":"if","locations":[{"start":{"line":119,"column":0},"end":{"line":123,"column":1}}]},"2":{"loc":{"start":{"line":141,"column":8},"end":{"line":143,"column":9}},"type":"if","locations":[{"start":{"line":141,"column":8},"end":{"line":143,"column":9}}]},"3":{"loc":{"start":{"line":145,"column":23},"end":{"line":145,"column":44}},"type":"cond-expr","locations":[{"start":{"line":145,"column":40},"end":{"line":145,"column":42}},{"start":{"line":145,"column":40},"end":{"line":145,"column":44}}]},"4":{"loc":{"start":{"line":145,"column":23},"end":{"line":145,"column":42}},"type":"binary-expr","locations":[{"start":{"line":145,"column":23},"end":{"line":145,"column":42}},{"start":{"line":145,"column":40},"end":{"line":145,"column":42}}]},"5":{"loc":{"start":{"line":146,"column":8},"end":{"line":148,"column":9}},"type":"if","locations":[{"start":{"line":146,"column":8},"end":{"line":148,"column":9}}]}},"s":{"0":1,"1":1,"2":1,"3":1,"4":1,"5":1,"6":1,"7":1,"8":1,"9":1,"10":1,"11":1,"12":1,"13":1,"14":1,"15":1,"16":1,"17":1,"18":1,"19":1,"20":1,"21":1,"22":1,"23":1,"24":0,"25":1,"26":1,"27":1,"28":1,"29":1,"30":1,"31":1,"32":1,"33":1,"34":1,"35":1,"36":1,"37":1,"38":1,"39":1,"40":1,"41":1,"42":1,"43":1,"44":1,"45":1,"46":1,"47":1,"48":1,"49":1,"50":1,"51":1,"52":1,"53":1,"54":1,"55":0,"56":0,"57":0,"58":0,"59":0,"60":0,"61":0,"62":0,"63":0,"64":0,"65":0,"66":1,"67":0,"68":0,"69":1,"70":0,"71":0,"72":1,"73":1,"74":1,"75":1,"76":1,"77":1,"78":1,"79":0,"80":0,"81":0,"82":0,"83":0,"84":0,"85":0,"86":0,"87":0,"88":0,"89":0,"90":0,"91":0,"92":1},"f":{"0":0,"1":0,"2":0,"3":0,"4":0,"5":0,"6":0},"b":{"0":[0],"1":[0],"2":[0],"3":[0,0],"4":[0,0],"5":[0]}}
,"D:\\MASTER1\\DEVOPS\\API-SPRING-test\\src\\controleurs\\amis.ts": {"path":"D:\\MASTER1\\DEVOPS\\API-SPRING-test\\src\\controleurs\\amis.ts","statementMap":{"0":{"start":{"line":2,"column":0},"end":{"line":2,"column":50}},"1":{"start":{"line":5,"column":20},"end":{"line":5,"column":37}},"2":{"start":{"line":10,"column":30},"end":{"line":25,"column":2}},"3":{"start":{"line":10,"column":87},"end":{"line":25,"column":2}},"4":{"start":{"line":11,"column":4},"end":{"line":24,"column":5}},"5":{"start":{"line":12,"column":53},"end":{"line":12,"column":69}},"6":{"start":{"line":13,"column":22},"end":{"line":13,"column":52}},"7":{"start":{"line":15,"column":8},"end":{"line":17,"column":9}},"8":{"start":{"line":16,"column":12},"end":{"line":16,"column":73}},"9":{"start":{"line":19,"column":8},"end":{"line":19,"column":67}},"10":{"start":{"line":20,"column":8},"end":{"line":20,"column":100}},"11":{"start":{"line":22,"column":8},"end":{"line":22,"column":58}},"12":{"start":{"line":23,"column":8},"end":{"line":23,"column":94}},"13":{"start":{"line":10,"column":13},"end":{"line":10,"column":30}},"14":{"start":{"line":32,"column":31},"end":{"line":47,"column":2}},"15":{"start":{"line":32,"column":88},"end":{"line":47,"column":2}},"16":{"start":{"line":33,"column":4},"end":{"line":46,"column":5}},"17":{"start":{"line":34,"column":53},"end":{"line":34,"column":69}},"18":{"start":{"line":35,"column":22},"end":{"line":35,"column":52}},"19":{"start":{"line":37,"column":8},"end":{"line":39,"column":9}},"20":{"start":{"line":38,"column":12},"end":{"line":38,"column":73}},"21":{"start":{"line":41,"column":8},"end":{"line":41,"column":68}},"22":{"start":{"line":42,"column":8},"end":{"line":42,"column":104}},"23":{"start":{"line":44,"column":8},"end":{"line":44,"column":59}},"24":{"start":{"line":45,"column":8},"end":{"line":45,"column":100}},"25":{"start":{"line":32,"column":13},"end":{"line":32,"column":31}},"26":{"start":{"line":54,"column":28},"end":{"line":69,"column":2}},"27":{"start":{"line":54,"column":85},"end":{"line":69,"column":2}},"28":{"start":{"line":55,"column":4},"end":{"line":68,"column":5}},"29":{"start":{"line":56,"column":53},"end":{"line":56,"column":69}},"30":{"start":{"line":57,"column":22},"end":{"line":57,"column":52}},"31":{"start":{"line":59,"column":8},"end":{"line":61,"column":9}},"32":{"start":{"line":60,"column":12},"end":{"line":60,"column":73}},"33":{"start":{"line":63,"column":8},"end":{"line":63,"column":65}},"34":{"start":{"line":64,"column":8},"end":{"line":64,"column":94}},"35":{"start":{"line":66,"column":8},"end":{"line":66,"column":56}},"36":{"start":{"line":67,"column":8},"end":{"line":67,"column":90}},"37":{"start":{"line":54,"column":13},"end":{"line":54,"column":28}},"38":{"start":{"line":74,"column":23},"end":{"line":92,"column":2}},"39":{"start":{"line":74,"column":80},"end":{"line":92,"column":2}},"40":{"start":{"line":75,"column":4},"end":{"line":91,"column":5}},"41":{"start":{"line":76,"column":53},"end":{"line":76,"column":69}},"42":{"start":{"line":77,"column":8},"end":{"line":77,"column":89}},"43":{"start":{"line":79,"column":8},"end":{"line":82,"column":9}},"44":{"start":{"line":80,"column":12},"end":{"line":80,"column":69}},"45":{"start":{"line":81,"column":12},"end":{"line":81,"column":81}},"46":{"start":{"line":84,"column":21},"end":{"line":84,"column":65}},"47":{"start":{"line":85,"column":8},"end":{"line":85,"column":46}},"48":{"start":{"line":87,"column":8},"end":{"line":87,"column":42}},"49":{"start":{"line":89,"column":8},"end":{"line":89,"column":51}},"50":{"start":{"line":90,"column":8},"end":{"line":90,"column":103}},"51":{"start":{"line":74,"column":13},"end":{"line":74,"column":23}},"52":{"start":{"line":98,"column":33},"end":{"line":120,"column":2}},"53":{"start":{"line":98,"column":90},"end":{"line":120,"column":2}},"54":{"start":{"line":99,"column":4},"end":{"line":119,"column":5}},"55":{"start":{"line":100,"column":8},"end":{"line":100,"column":83}},"56":{"start":{"line":103,"column":53},"end":{"line":103,"column":69}},"57":{"start":{"line":104,"column":8},"end":{"line":104,"column":58}},"58":{"start":{"line":107,"column":31},"end":{"line":107,"column":85}},"59":{"start":{"line":108,"column":8},"end":{"line":108,"column":70}},"60":{"start":{"line":110,"column":8},"end":{"line":110,"column":56}},"61":{"start":{"line":113,"column":8},"end":{"line":113,"column":61}},"62":{"start":{"line":115,"column":8},"end":{"line":118,"column":11}},"63":{"start":{"line":98,"column":13},"end":{"line":98,"column":33}},"64":{"start":{"line":126,"column":35},"end":{"line":135,"column":2}},"65":{"start":{"line":126,"column":92},"end":{"line":135,"column":2}},"66":{"start":{"line":127,"column":4},"end":{"line":134,"column":5}},"67":{"start":{"line":128,"column":53},"end":{"line":128,"column":69}},"68":{"start":{"line":129,"column":33},"end":{"line":129,"column":89}},"69":{"start":{"line":130,"column":8},"end":{"line":130,"column":58}},"70":{"start":{"line":132,"column":8},"end":{"line":132,"column":63}},"71":{"start":{"line":133,"column":8},"end":{"line":133,"column":111}},"72":{"start":{"line":126,"column":13},"end":{"line":126,"column":35}},"73":{"start":{"line":140,"column":25},"end":{"line":149,"column":2}},"74":{"start":{"line":140,"column":82},"end":{"line":149,"column":2}},"75":{"start":{"line":141,"column":4},"end":{"line":148,"column":5}},"76":{"start":{"line":142,"column":53},"end":{"line":142,"column":69}},"77":{"start":{"line":143,"column":27},"end":{"line":143,"column":73}},"78":{"start":{"line":144,"column":8},"end":{"line":144,"column":52}},"79":{"start":{"line":146,"column":8},"end":{"line":146,"column":53}},"80":{"start":{"line":147,"column":8},"end":{"line":147,"column":84}},"81":{"start":{"line":140,"column":13},"end":{"line":140,"column":25}},"82":{"start":{"line":153,"column":26},"end":{"line":172,"column":2}},"83":{"start":{"line":153,"column":83},"end":{"line":172,"column":2}},"84":{"start":{"line":154,"column":4},"end":{"line":171,"column":5}},"85":{"start":{"line":155,"column":53},"end":{"line":155,"column":69}},"86":{"start":{"line":156,"column":32},"end":{"line":156,"column":41}},"87":{"start":{"line":158,"column":8},"end":{"line":160,"column":9}},"88":{"start":{"line":159,"column":12},"end":{"line":159,"column":105}},"89":{"start":{"line":162,"column":8},"end":{"line":162,"column":81}},"90":{"start":{"line":164,"column":24},"end":{"line":164,"column":104}},"91":{"start":{"line":166,"column":8},"end":{"line":166,"column":59}},"92":{"start":{"line":167,"column":8},"end":{"line":167,"column":49}},"93":{"start":{"line":169,"column":8},"end":{"line":169,"column":57}},"94":{"start":{"line":170,"column":8},"end":{"line":170,"column":76}},"95":{"start":{"line":153,"column":13},"end":{"line":153,"column":26}}},"fnMap":{"0":{"name":"(anonymous_8)","decl":{"start":{"line":10,"column":30},"end":{"line":10,"column":37}},"loc":{"start":{"line":10,"column":87},"end":{"line":25,"column":2}}},"1":{"name":"(anonymous_9)","decl":{"start":{"line":10,"column":87},"end":{"line":10,"column":null}},"loc":{"start":{"line":10,"column":87},"end":{"line":25,"column":1}}},"2":{"name":"(anonymous_10)","decl":{"start":{"line":32,"column":31},"end":{"line":32,"column":38}},"loc":{"start":{"line":32,"column":88},"end":{"line":47,"column":2}}},"3":{"name":"(anonymous_11)","decl":{"start":{"line":32,"column":88},"end":{"line":32,"column":null}},"loc":{"start":{"line":32,"column":88},"end":{"line":47,"column":1}}},"4":{"name":"(anonymous_12)","decl":{"start":{"line":54,"column":28},"end":{"line":54,"column":35}},"loc":{"start":{"line":54,"column":85},"end":{"line":69,"column":2}}},"5":{"name":"(anonymous_13)","decl":{"start":{"line":54,"column":85},"end":{"line":54,"column":null}},"loc":{"start":{"line":54,"column":85},"end":{"line":69,"column":1}}},"6":{"name":"(anonymous_14)","decl":{"start":{"line":74,"column":23},"end":{"line":74,"column":30}},"loc":{"start":{"line":74,"column":80},"end":{"line":92,"column":2}}},"7":{"name":"(anonymous_15)","decl":{"start":{"line":74,"column":80},"end":{"line":74,"column":null}},"loc":{"start":{"line":74,"column":80},"end":{"line":92,"column":1}}},"8":{"name":"(anonymous_16)","decl":{"start":{"line":98,"column":33},"end":{"line":98,"column":40}},"loc":{"start":{"line":98,"column":90},"end":{"line":120,"column":2}}},"9":{"name":"(anonymous_17)","decl":{"start":{"line":98,"column":90},"end":{"line":98,"column":null}},"loc":{"start":{"line":98,"column":90},"end":{"line":120,"column":1}}},"10":{"name":"(anonymous_18)","decl":{"start":{"line":126,"column":35},"end":{"line":126,"column":42}},"loc":{"start":{"line":126,"column":92},"end":{"line":135,"column":2}}},"11":{"name":"(anonymous_19)","decl":{"start":{"line":126,"column":92},"end":{"line":126,"column":null}},"loc":{"start":{"line":126,"column":92},"end":{"line":135,"column":1}}},"12":{"name":"(anonymous_20)","decl":{"start":{"line":140,"column":25},"end":{"line":140,"column":32}},"loc":{"start":{"line":140,"column":82},"end":{"line":149,"column":2}}},"13":{"name":"(anonymous_21)","decl":{"start":{"line":140,"column":82},"end":{"line":140,"column":null}},"loc":{"start":{"line":140,"column":82},"end":{"line":149,"column":1}}},"14":{"name":"(anonymous_22)","decl":{"start":{"line":153,"column":26},"end":{"line":153,"column":33}},"loc":{"start":{"line":153,"column":83},"end":{"line":172,"column":2}}},"15":{"name":"(anonymous_23)","decl":{"start":{"line":153,"column":83},"end":{"line":153,"column":null}},"loc":{"start":{"line":153,"column":83},"end":{"line":172,"column":1}}}},"branchMap":{"0":{"loc":{"start":{"line":15,"column":8},"end":{"line":17,"column":9}},"type":"if","locations":[{"start":{"line":15,"column":8},"end":{"line":17,"column":9}}]},"1":{"loc":{"start":{"line":15,"column":12},"end":{"line":15,"column":34}},"type":"binary-expr","locations":[{"start":{"line":15,"column":12},"end":{"line":15,"column":18}},{"start":{"line":15,"column":22},"end":{"line":15,"column":34}}]},"2":{"loc":{"start":{"line":37,"column":8},"end":{"line":39,"column":9}},"type":"if","locations":[{"start":{"line":37,"column":8},"end":{"line":39,"column":9}}]},"3":{"loc":{"start":{"line":37,"column":12},"end":{"line":37,"column":34}},"type":"binary-expr","locations":[{"start":{"line":37,"column":12},"end":{"line":37,"column":18}},{"start":{"line":37,"column":22},"end":{"line":37,"column":34}}]},"4":{"loc":{"start":{"line":59,"column":8},"end":{"line":61,"column":9}},"type":"if","locations":[{"start":{"line":59,"column":8},"end":{"line":61,"column":9}}]},"5":{"loc":{"start":{"line":59,"column":12},"end":{"line":59,"column":34}},"type":"binary-expr","locations":[{"start":{"line":59,"column":12},"end":{"line":59,"column":18}},{"start":{"line":59,"column":22},"end":{"line":59,"column":34}}]},"6":{"loc":{"start":{"line":79,"column":8},"end":{"line":82,"column":9}},"type":"if","locations":[{"start":{"line":79,"column":8},"end":{"line":82,"column":9}}]},"7":{"loc":{"start":{"line":117,"column":21},"end":{"line":117,"column":67}},"type":"cond-expr","locations":[{"start":{"line":117,"column":46},"end":{"line":117,"column":59}},{"start":{"line":117,"column":62},"end":{"line":117,"column":67}}]},"8":{"loc":{"start":{"line":158,"column":8},"end":{"line":160,"column":9}},"type":"if","locations":[{"start":{"line":158,"column":8},"end":{"line":160,"column":9}}]},"9":{"loc":{"start":{"line":158,"column":12},"end":{"line":158,"column":27}},"type":"binary-expr","locations":[{"start":{"line":158,"column":12},"end":{"line":158,"column":19}},{"start":{"line":158,"column":23},"end":{"line":158,"column":27}}]}},"s":{"0":1,"1":1,"2":1,"3":0,"4":0,"5":0,"6":0,"7":0,"8":0,"9":0,"10":0,"11":0,"12":0,"13":1,"14":1,"15":0,"16":0,"17":0,"18":0,"19":0,"20":0,"21":0,"22":0,"23":0,"24":0,"25":1,"26":1,"27":0,"28":0,"29":0,"30":0,"31":0,"32":0,"33":0,"34":0,"35":0,"36":0,"37":1,"38":1,"39":0,"40":0,"41":0,"42":0,"43":0,"44":0,"45":0,"46":0,"47":0,"48":0,"49":0,"50":0,"51":1,"52":1,"53":0,"54":0,"55":0,"56":0,"57":0,"58":0,"59":0,"60":0,"61":0,"62":0,"63":1,"64":1,"65":0,"66":0,"67":0,"68":0,"69":0,"70":0,"71":0,"72":1,"73":1,"74":0,"75":0,"76":0,"77":0,"78":0,"79":0,"80":0,"81":1,"82":1,"83":0,"84":0,"85":0,"86":0,"87":0,"88":0,"89":0,"90":0,"91":0,"92":0,"93":0,"94":0,"95":1},"f":{"0":0,"1":0,"2":0,"3":0,"4":0,"5":0,"6":0,"7":0,"8":0,"9":0,"10":0,"11":0,"12":0,"13":0,"14":0,"15":0},"b":{"0":[0],"1":[0,0],"2":[0],"3":[0,0],"4":[0],"5":[0,0],"6":[0],"7":[0,0],"8":[0],"9":[0,0]}}
,"D:\\MASTER1\\DEVOPS\\API-SPRING-test\\src\\controleurs\\authentification.ts": {"path":"D:\\MASTER1\\DEVOPS\\API-SPRING-test\\src\\controleurs\\authentification.ts","statementMap":{"0":{"start":{"line":1,"column":0},"end":{"line":1,"column":64}},"1":{"start":{"line":4,"column":0},"end":{"line":4,"column":31}},"2":{"start":{"line":5,"column":0},"end":{"line":5,"column":41}},"3":{"start":{"line":7,"column":22},"end":{"line":21,"column":2}},"4":{"start":{"line":7,"column":75},"end":{"line":21,"column":2}},"5":{"start":{"line":8,"column":51},"end":{"line":8,"column":75}},"6":{"start":{"line":9,"column":4},"end":{"line":20,"column":5}},"7":{"start":{"line":10,"column":34},"end":{"line":10,"column":42}},"8":{"start":{"line":11,"column":8},"end":{"line":11,"column":50}},"9":{"start":{"line":13,"column":64},"end":{"line":13,"column":115}},"10":{"start":{"line":14,"column":8},"end":{"line":17,"column":11}},"11":{"start":{"line":19,"column":8},"end":{"line":19,"column":78}},"12":{"start":{"line":7,"column":13},"end":{"line":7,"column":22}},"13":{"start":{"line":24,"column":21},"end":{"line":56,"column":2}},"14":{"start":{"line":24,"column":74},"end":{"line":56,"column":2}},"15":{"start":{"line":25,"column":31},"end":{"line":25,"column":55}},"16":{"start":{"line":26,"column":4},"end":{"line":55,"column":5}},"17":{"start":{"line":27,"column":36},"end":{"line":27,"column":44}},"18":{"start":{"line":29,"column":8},"end":{"line":29,"column":59}},"19":{"start":{"line":31,"column":21},"end":{"line":31,"column":67}},"20":{"start":{"line":32,"column":8},"end":{"line":32,"column":49}},"21":{"start":{"line":34,"column":8},"end":{"line":37,"column":9}},"22":{"start":{"line":35,"column":12},"end":{"line":35,"column":71}},"23":{"start":{"line":36,"column":12},"end":{"line":36,"column":19}},"24":{"start":{"line":39,"column":32},"end":{"line":39,"column":88}},"25":{"start":{"line":40,"column":8},"end":{"line":40,"column":61}},"26":{"start":{"line":42,"column":8},"end":{"line":45,"column":9}},"27":{"start":{"line":43,"column":12},"end":{"line":43,"column":72}},"28":{"start":{"line":44,"column":12},"end":{"line":44,"column":19}},"29":{"start":{"line":47,"column":22},"end":{"line":47,"column":98}},"30":{"start":{"line":48,"column":8},"end":{"line":51,"column":11}},"31":{"start":{"line":53,"column":8},"end":{"line":53,"column":46}},"32":{"start":{"line":54,"column":8},"end":{"line":54,"column":71}},"33":{"start":{"line":24,"column":13},"end":{"line":24,"column":21}}},"fnMap":{"0":{"name":"(anonymous_8)","decl":{"start":{"line":7,"column":22},"end":{"line":7,"column":29}},"loc":{"start":{"line":7,"column":75},"end":{"line":21,"column":2}}},"1":{"name":"(anonymous_9)","decl":{"start":{"line":7,"column":75},"end":{"line":7,"column":null}},"loc":{"start":{"line":7,"column":75},"end":{"line":21,"column":1}}},"2":{"name":"(anonymous_10)","decl":{"start":{"line":24,"column":21},"end":{"line":24,"column":28}},"loc":{"start":{"line":24,"column":74},"end":{"line":56,"column":2}}},"3":{"name":"(anonymous_11)","decl":{"start":{"line":24,"column":74},"end":{"line":24,"column":null}},"loc":{"start":{"line":24,"column":74},"end":{"line":56,"column":1}}}},"branchMap":{"0":{"loc":{"start":{"line":34,"column":8},"end":{"line":37,"column":9}},"type":"if","locations":[{"start":{"line":34,"column":8},"end":{"line":37,"column":9}}]},"1":{"loc":{"start":{"line":42,"column":8},"end":{"line":45,"column":9}},"type":"if","locations":[{"start":{"line":42,"column":8},"end":{"line":45,"column":9}}]}},"s":{"0":2,"1":2,"2":2,"3":2,"4":1,"5":1,"6":1,"7":1,"8":1,"9":1,"10":1,"11":0,"12":2,"13":2,"14":0,"15":0,"16":0,"17":0,"18":0,"19":0,"20":0,"21":0,"22":0,"23":0,"24":0,"25":0,"26":0,"27":0,"28":0,"29":0,"30":0,"31":0,"32":0,"33":2},"f":{"0":1,"1":1,"2":0,"3":0},"b":{"0":[0],"1":[0]}}
,"D:\\MASTER1\\DEVOPS\\API-SPRING-test\\src\\controleurs\\followers.ts": {"path":"D:\\MASTER1\\DEVOPS\\API-SPRING-test\\src\\controleurs\\followers.ts","statementMap":{"0":{"start":{"line":2,"column":0},"end":{"line":2,"column":53}},"1":{"start":{"line":5,"column":25},"end":{"line":5,"column":47}},"2":{"start":{"line":8,"column":26},"end":{"line":18,"column":2}},"3":{"start":{"line":8,"column":79},"end":{"line":18,"column":2}},"4":{"start":{"line":9,"column":4},"end":{"line":17,"column":5}},"5":{"start":{"line":10,"column":53},"end":{"line":10,"column":69}},"6":{"start":{"line":11,"column":36},"end":{"line":11,"column":72}},"7":{"start":{"line":13,"column":8},"end":{"line":13,"column":74}},"8":{"start":{"line":14,"column":8},"end":{"line":14,"column":101}},"9":{"start":{"line":16,"column":8},"end":{"line":16,"column":40}},"10":{"start":{"line":8,"column":13},"end":{"line":8,"column":26}},"11":{"start":{"line":21,"column":28},"end":{"line":31,"column":2}},"12":{"start":{"line":21,"column":81},"end":{"line":31,"column":2}},"13":{"start":{"line":22,"column":4},"end":{"line":30,"column":5}},"14":{"start":{"line":23,"column":53},"end":{"line":23,"column":69}},"15":{"start":{"line":24,"column":36},"end":{"line":24,"column":72}},"16":{"start":{"line":26,"column":8},"end":{"line":26,"column":76}},"17":{"start":{"line":27,"column":8},"end":{"line":27,"column":94}},"18":{"start":{"line":29,"column":8},"end":{"line":29,"column":40}},"19":{"start":{"line":21,"column":13},"end":{"line":21,"column":28}},"20":{"start":{"line":34,"column":28},"end":{"line":59,"column":2}},"21":{"start":{"line":34,"column":85},"end":{"line":59,"column":2}},"22":{"start":{"line":35,"column":4},"end":{"line":58,"column":5}},"23":{"start":{"line":36,"column":53},"end":{"line":36,"column":69}},"24":{"start":{"line":38,"column":8},"end":{"line":38,"column":57}},"25":{"start":{"line":40,"column":35},"end":{"line":40,"column":70}},"26":{"start":{"line":41,"column":8},"end":{"line":44,"column":9}},"27":{"start":{"line":42,"column":12},"end":{"line":42,"column":86}},"28":{"start":{"line":43,"column":12},"end":{"line":43,"column":78}},"29":{"start":{"line":46,"column":8},"end":{"line":46,"column":99}},"30":{"start":{"line":48,"column":24},"end":{"line":48,"column":90}},"31":{"start":{"line":50,"column":8},"end":{"line":54,"column":9}},"32":{"start":{"line":51,"column":12},"end":{"line":51,"column":125}},"33":{"start":{"line":53,"column":12},"end":{"line":53,"column":113}},"34":{"start":{"line":56,"column":8},"end":{"line":56,"column":61}},"35":{"start":{"line":57,"column":8},"end":{"line":57,"column":75}},"36":{"start":{"line":34,"column":13},"end":{"line":34,"column":28}},"37":{"start":{"line":66,"column":35},"end":{"line":76,"column":2}},"38":{"start":{"line":66,"column":88},"end":{"line":76,"column":2}},"39":{"start":{"line":67,"column":4},"end":{"line":75,"column":5}},"40":{"start":{"line":68,"column":53},"end":{"line":68,"column":69}},"41":{"start":{"line":69,"column":35},"end":{"line":69,"column":70}},"42":{"start":{"line":71,"column":8},"end":{"line":71,"column":82}},"43":{"start":{"line":72,"column":8},"end":{"line":72,"column":113}},"44":{"start":{"line":74,"column":8},"end":{"line":74,"column":40}},"45":{"start":{"line":66,"column":13},"end":{"line":66,"column":35}},"46":{"start":{"line":79,"column":28},"end":{"line":88,"column":2}},"47":{"start":{"line":79,"column":81},"end":{"line":88,"column":2}},"48":{"start":{"line":80,"column":4},"end":{"line":87,"column":5}},"49":{"start":{"line":81,"column":53},"end":{"line":81,"column":69}},"50":{"start":{"line":83,"column":26},"end":{"line":83,"column":80}},"51":{"start":{"line":84,"column":8},"end":{"line":84,"column":44}},"52":{"start":{"line":86,"column":8},"end":{"line":86,"column":40}},"53":{"start":{"line":79,"column":13},"end":{"line":79,"column":28}},"54":{"start":{"line":91,"column":28},"end":{"line":100,"column":2}},"55":{"start":{"line":91,"column":81},"end":{"line":100,"column":2}},"56":{"start":{"line":92,"column":4},"end":{"line":99,"column":5}},"57":{"start":{"line":93,"column":53},"end":{"line":93,"column":69}},"58":{"start":{"line":95,"column":26},"end":{"line":95,"column":80}},"59":{"start":{"line":96,"column":8},"end":{"line":96,"column":44}},"60":{"start":{"line":98,"column":8},"end":{"line":98,"column":40}},"61":{"start":{"line":91,"column":13},"end":{"line":91,"column":28}},"62":{"start":{"line":102,"column":27},"end":{"line":117,"column":2}},"63":{"start":{"line":102,"column":80},"end":{"line":117,"column":2}},"64":{"start":{"line":103,"column":4},"end":{"line":116,"column":5}},"65":{"start":{"line":104,"column":53},"end":{"line":104,"column":69}},"66":{"start":{"line":105,"column":32},"end":{"line":105,"column":41}},"67":{"start":{"line":107,"column":8},"end":{"line":107,"column":79}},"68":{"start":{"line":109,"column":24},"end":{"line":109,"column":108}},"69":{"start":{"line":111,"column":8},"end":{"line":111,"column":59}},"70":{"start":{"line":112,"column":8},"end":{"line":112,"column":42}},"71":{"start":{"line":114,"column":8},"end":{"line":114,"column":58}},"72":{"start":{"line":115,"column":8},"end":{"line":115,"column":69}},"73":{"start":{"line":102,"column":13},"end":{"line":102,"column":27}},"74":{"start":{"line":120,"column":32},"end":{"line":133,"column":2}},"75":{"start":{"line":120,"column":89},"end":{"line":133,"column":2}},"76":{"start":{"line":121,"column":4},"end":{"line":132,"column":5}},"77":{"start":{"line":122,"column":53},"end":{"line":122,"column":69}},"78":{"start":{"line":123,"column":8},"end":{"line":123,"column":88}},"79":{"start":{"line":125,"column":32},"end":{"line":125,"column":90}},"80":{"start":{"line":127,"column":8},"end":{"line":127,"column":74}},"81":{"start":{"line":128,"column":8},"end":{"line":128,"column":53}},"82":{"start":{"line":130,"column":8},"end":{"line":130,"column":101}},"83":{"start":{"line":131,"column":8},"end":{"line":131,"column":76}},"84":{"start":{"line":120,"column":13},"end":{"line":120,"column":32}},"85":{"start":{"line":136,"column":35},"end":{"line":149,"column":2}},"86":{"start":{"line":136,"column":88},"end":{"line":149,"column":2}},"87":{"start":{"line":137,"column":4},"end":{"line":148,"column":5}},"88":{"start":{"line":138,"column":53},"end":{"line":138,"column":69}},"89":{"start":{"line":139,"column":8},"end":{"line":139,"column":97}},"90":{"start":{"line":141,"column":33},"end":{"line":141,"column":94}},"91":{"start":{"line":143,"column":8},"end":{"line":143,"column":84}},"92":{"start":{"line":144,"column":8},"end":{"line":144,"column":47}},"93":{"start":{"line":146,"column":8},"end":{"line":146,"column":110}},"94":{"start":{"line":147,"column":8},"end":{"line":147,"column":69}},"95":{"start":{"line":136,"column":13},"end":{"line":136,"column":35}},"96":{"start":{"line":153,"column":30},"end":{"line":162,"column":2}},"97":{"start":{"line":153,"column":83},"end":{"line":162,"column":2}},"98":{"start":{"line":154,"column":4},"end":{"line":161,"column":5}},"99":{"start":{"line":155,"column":53},"end":{"line":155,"column":69}},"100":{"start":{"line":157,"column":31},"end":{"line":157,"column":87}},"101":{"start":{"line":158,"column":8},"end":{"line":158,"column":49}},"102":{"start":{"line":160,"column":8},"end":{"line":160,"column":40}},"103":{"start":{"line":153,"column":13},"end":{"line":153,"column":30}},"104":{"start":{"line":165,"column":30},"end":{"line":174,"column":2}},"105":{"start":{"line":165,"column":83},"end":{"line":174,"column":2}},"106":{"start":{"line":166,"column":4},"end":{"line":173,"column":5}},"107":{"start":{"line":167,"column":53},"end":{"line":167,"column":69}},"108":{"start":{"line":169,"column":31},"end":{"line":169,"column":87}},"109":{"start":{"line":170,"column":8},"end":{"line":170,"column":49}},"110":{"start":{"line":172,"column":8},"end":{"line":172,"column":40}},"111":{"start":{"line":165,"column":13},"end":{"line":165,"column":30}},"112":{"start":{"line":176,"column":0},"end":{"line":186,"column":2}}},"fnMap":{"0":{"name":"(anonymous_8)","decl":{"start":{"line":8,"column":26},"end":{"line":8,"column":33}},"loc":{"start":{"line":8,"column":79},"end":{"line":18,"column":2}}},"1":{"name":"(anonymous_9)","decl":{"start":{"line":8,"column":79},"end":{"line":8,"column":null}},"loc":{"start":{"line":8,"column":79},"end":{"line":18,"column":1}}},"2":{"name":"(anonymous_10)","decl":{"start":{"line":21,"column":28},"end":{"line":21,"column":35}},"loc":{"start":{"line":21,"column":81},"end":{"line":31,"column":2}}},"3":{"name":"(anonymous_11)","decl":{"start":{"line":21,"column":81},"end":{"line":21,"column":null}},"loc":{"start":{"line":21,"column":81},"end":{"line":31,"column":1}}},"4":{"name":"(anonymous_12)","decl":{"start":{"line":34,"column":28},"end":{"line":34,"column":35}},"loc":{"start":{"line":34,"column":85},"end":{"line":59,"column":2}}},"5":{"name":"(anonymous_13)","decl":{"start":{"line":34,"column":85},"end":{"line":34,"column":null}},"loc":{"start":{"line":34,"column":85},"end":{"line":59,"column":1}}},"6":{"name":"(anonymous_14)","decl":{"start":{"line":66,"column":35},"end":{"line":66,"column":42}},"loc":{"start":{"line":66,"column":88},"end":{"line":76,"column":2}}},"7":{"name":"(anonymous_15)","decl":{"start":{"line":66,"column":88},"end":{"line":66,"column":null}},"loc":{"start":{"line":66,"column":88},"end":{"line":76,"column":1}}},"8":{"name":"(anonymous_16)","decl":{"start":{"line":79,"column":28},"end":{"line":79,"column":35}},"loc":{"start":{"line":79,"column":81},"end":{"line":88,"column":2}}},"9":{"name":"(anonymous_17)","decl":{"start":{"line":79,"column":81},"end":{"line":79,"column":null}},"loc":{"start":{"line":79,"column":81},"end":{"line":88,"column":1}}},"10":{"name":"(anonymous_18)","decl":{"start":{"line":91,"column":28},"end":{"line":91,"column":35}},"loc":{"start":{"line":91,"column":81},"end":{"line":100,"column":2}}},"11":{"name":"(anonymous_19)","decl":{"start":{"line":91,"column":81},"end":{"line":91,"column":null}},"loc":{"start":{"line":91,"column":81},"end":{"line":100,"column":1}}},"12":{"name":"(anonymous_20)","decl":{"start":{"line":102,"column":27},"end":{"line":102,"column":34}},"loc":{"start":{"line":102,"column":80},"end":{"line":117,"column":2}}},"13":{"name":"(anonymous_21)","decl":{"start":{"line":102,"column":80},"end":{"line":102,"column":null}},"loc":{"start":{"line":102,"column":80},"end":{"line":117,"column":1}}},"14":{"name":"(anonymous_22)","decl":{"start":{"line":120,"column":32},"end":{"line":120,"column":39}},"loc":{"start":{"line":120,"column":89},"end":{"line":133,"column":2}}},"15":{"name":"(anonymous_23)","decl":{"start":{"line":120,"column":89},"end":{"line":120,"column":null}},"loc":{"start":{"line":120,"column":89},"end":{"line":133,"column":1}}},"16":{"name":"(anonymous_24)","decl":{"start":{"line":136,"column":35},"end":{"line":136,"column":42}},"loc":{"start":{"line":136,"column":88},"end":{"line":149,"column":2}}},"17":{"name":"(anonymous_25)","decl":{"start":{"line":136,"column":88},"end":{"line":136,"column":null}},"loc":{"start":{"line":136,"column":88},"end":{"line":149,"column":1}}},"18":{"name":"(anonymous_26)","decl":{"start":{"line":153,"column":30},"end":{"line":153,"column":37}},"loc":{"start":{"line":153,"column":83},"end":{"line":162,"column":2}}},"19":{"name":"(anonymous_27)","decl":{"start":{"line":153,"column":83},"end":{"line":153,"column":null}},"loc":{"start":{"line":153,"column":83},"end":{"line":162,"column":1}}},"20":{"name":"(anonymous_28)","decl":{"start":{"line":165,"column":30},"end":{"line":165,"column":37}},"loc":{"start":{"line":165,"column":83},"end":{"line":174,"column":2}}},"21":{"name":"(anonymous_29)","decl":{"start":{"line":165,"column":83},"end":{"line":165,"column":null}},"loc":{"start":{"line":165,"column":83},"end":{"line":174,"column":1}}}},"branchMap":{"0":{"loc":{"start":{"line":41,"column":8},"end":{"line":44,"column":9}},"type":"if","locations":[{"start":{"line":41,"column":8},"end":{"line":44,"column":9}}]},"1":{"loc":{"start":{"line":50,"column":8},"end":{"line":54,"column":9}},"type":"if","locations":[{"start":{"line":50,"column":8},"end":{"line":54,"column":9}},{"start":{"line":52,"column":15},"end":{"line":54,"column":9}}]}},"s":{"0":1,"1":1,"2":1,"3":0,"4":0,"5":0,"6":0,"7":0,"8":0,"9":0,"10":1,"11":1,"12":0,"13":0,"14":0,"15":0,"16":0,"17":0,"18":0,"19":1,"20":1,"21":0,"22":0,"23":0,"24":0,"25":0,"26":0,"27":0,"28":0,"29":0,"30":0,"31":0,"32":0,"33":0,"34":0,"35":0,"36":1,"37":1,"38":0,"39":0,"40":0,"41":0,"42":0,"43":0,"44":0,"45":1,"46":1,"47":0,"48":0,"49":0,"50":0,"51":0,"52":0,"53":1,"54":1,"55":0,"56":0,"57":0,"58":0,"59":0,"60":0,"61":1,"62":1,"63":0,"64":0,"65":0,"66":0,"67":0,"68":0,"69":0,"70":0,"71":0,"72":0,"73":1,"74":1,"75":0,"76":0,"77":0,"78":0,"79":0,"80":0,"81":0,"82":0,"83":0,"84":1,"85":1,"86":0,"87":0,"88":0,"89":0,"90":0,"91":0,"92":0,"93":0,"94":0,"95":1,"96":1,"97":0,"98":0,"99":0,"100":0,"101":0,"102":0,"103":1,"104":1,"105":0,"106":0,"107":0,"108":0,"109":0,"110":0,"111":1,"112":1},"f":{"0":0,"1":0,"2":0,"3":0,"4":0,"5":0,"6":0,"7":0,"8":0,"9":0,"10":0,"11":0,"12":0,"13":0,"14":0,"15":0,"16":0,"17":0,"18":0,"19":0,"20":0,"21":0},"b":{"0":[0],"1":[0,0]}}
,"D:\\MASTER1\\DEVOPS\\API-SPRING-test\\src\\controleurs\\musicLikesController.ts": {"path":"D:\\MASTER1\\DEVOPS\\API-SPRING-test\\src\\controleurs\\musicLikesController.ts","statementMap":{"0":{"start":{"line":2,"column":0},"end":{"line":2,"column":58}},"1":{"start":{"line":8,"column":25},"end":{"line":22,"column":2}},"2":{"start":{"line":8,"column":76},"end":{"line":22,"column":2}},"3":{"start":{"line":9,"column":4},"end":{"line":21,"column":5}},"4":{"start":{"line":10,"column":8},"end":{"line":12,"column":9}},"5":{"start":{"line":11,"column":12},"end":{"line":11,"column":82}},"6":{"start":{"line":14,"column":23},"end":{"line":14,"column":34}},"7":{"start":{"line":15,"column":24},"end":{"line":15,"column":56}},"8":{"start":{"line":16,"column":23},"end":{"line":16,"column":71}},"9":{"start":{"line":17,"column":8},"end":{"line":17,"column":25}},"10":{"start":{"line":19,"column":27},"end":{"line":19,"column":102}},"11":{"start":{"line":20,"column":8},"end":{"line":20,"column":52}},"12":{"start":{"line":8,"column":13},"end":{"line":8,"column":25}},"13":{"start":{"line":25,"column":31},"end":{"line":33,"column":2}},"14":{"start":{"line":25,"column":69},"end":{"line":33,"column":2}},"15":{"start":{"line":26,"column":4},"end":{"line":32,"column":57}},"16":{"start":{"line":27,"column":23},"end":{"line":27,"column":59}},"17":{"start":{"line":28,"column":29},"end":{"line":28,"column":74}},"18":{"start":{"line":29,"column":8},"end":{"line":29,"column":31}},"19":{"start":{"line":31,"column":27},"end":{"line":31,"column":102}},"20":{"start":{"line":32,"column":8},"end":{"line":32,"column":52}},"21":{"start":{"line":25,"column":13},"end":{"line":25,"column":31}}},"fnMap":{"0":{"name":"(anonymous_8)","decl":{"start":{"line":8,"column":25},"end":{"line":8,"column":32}},"loc":{"start":{"line":8,"column":76},"end":{"line":22,"column":2}}},"1":{"name":"(anonymous_9)","decl":{"start":{"line":8,"column":76},"end":{"line":8,"column":null}},"loc":{"start":{"line":8,"column":76},"end":{"line":22,"column":1}}},"2":{"name":"(anonymous_10)","decl":{"start":{"line":25,"column":31},"end":{"line":25,"column":38}},"loc":{"start":{"line":25,"column":69},"end":{"line":33,"column":2}}},"3":{"name":"(anonymous_11)","decl":{"start":{"line":25,"column":69},"end":{"line":25,"column":null}},"loc":{"start":{"line":25,"column":69},"end":{"line":33,"column":1}}}},"branchMap":{"0":{"loc":{"start":{"line":10,"column":8},"end":{"line":12,"column":9}},"type":"if","locations":[{"start":{"line":10,"column":8},"end":{"line":12,"column":9}}]},"1":{"loc":{"start":{"line":19,"column":27},"end":{"line":19,"column":102}},"type":"cond-expr","locations":[{"start":{"line":19,"column":52},"end":{"line":19,"column":65}},{"start":{"line":19,"column":68},"end":{"line":19,"column":102}}]},"2":{"loc":{"start":{"line":27,"column":23},"end":{"line":27,"column":59}},"type":"binary-expr","locations":[{"start":{"line":27,"column":23},"end":{"line":27,"column":49}},{"start":{"line":27,"column":53},"end":{"line":27,"column":59}}]},"3":{"loc":{"start":{"line":31,"column":27},"end":{"line":31,"column":102}},"type":"cond-expr","locations":[{"start":{"line":31,"column":52},"end":{"line":31,"column":65}},{"start":{"line":31,"column":68},"end":{"line":31,"column":102}}]}},"s":{"0":1,"1":1,"2":0,"3":0,"4":0,"5":0,"6":0,"7":0,"8":0,"9":0,"10":0,"11":0,"12":1,"13":1,"14":0,"15":0,"16":0,"17":0,"18":0,"19":0,"20":0,"21":1},"f":{"0":0,"1":0,"2":0,"3":0},"b":{"0":[0],"1":[0,0],"2":[0,0],"3":[0,0]}}
,"D:\\MASTER1\\DEVOPS\\API-SPRING-test\\src\\controleurs\\musique.ts": {"path":"D:\\MASTER1\\DEVOPS\\API-SPRING-test\\src\\controleurs\\musique.ts","statementMap":{"0":{"start":{"line":1,"column":0},"end":{"line":1,"column":67}},"1":{"start":{"line":3,"column":0},"end":{"line":3,"column":81}},"2":{"start":{"line":5,"column":24},"end":{"line":26,"column":null}},"3":{"start":{"line":5,"column":80},"end":{"line":26,"column":null}},"4":{"start":{"line":6,"column":44},"end":{"line":6,"column":64}},"5":{"start":{"line":7,"column":4},"end":{"line":25,"column":50}},"6":{"start":{"line":8,"column":30},"end":{"line":8,"column":38}},"7":{"start":{"line":9,"column":54},"end":{"line":9,"column":70}},"8":{"start":{"line":10,"column":8},"end":{"line":10,"column":49}},"9":{"start":{"line":11,"column":39},"end":{"line":11,"column":96}},"10":{"start":{"line":12,"column":8},"end":{"line":17,"column":9}},"11":{"start":{"line":13,"column":12},"end":{"line":15,"column":15}},"12":{"start":{"line":16,"column":12},"end":{"line":16,"column":19}},"13":{"start":{"line":18,"column":8},"end":{"line":18,"column":45}},"14":{"start":{"line":19,"column":8},"end":{"line":24,"column":11}},"15":{"start":{"line":25,"column":21},"end":{"line":25,"column":49}},"16":{"start":{"line":5,"column":13},"end":{"line":5,"column":24}},"17":{"start":{"line":28,"column":24},"end":{"line":39,"column":null}},"18":{"start":{"line":28,"column":80},"end":{"line":39,"column":null}},"19":{"start":{"line":29,"column":44},"end":{"line":29,"column":64}},"20":{"start":{"line":30,"column":4},"end":{"line":38,"column":50}},"21":{"start":{"line":31,"column":54},"end":{"line":31,"column":70}},"22":{"start":{"line":32,"column":35},"end":{"line":32,"column":92}},"23":{"start":{"line":33,"column":8},"end":{"line":37,"column":11}},"24":{"start":{"line":38,"column":21},"end":{"line":38,"column":49}},"25":{"start":{"line":28,"column":13},"end":{"line":28,"column":24}},"26":{"start":{"line":41,"column":27},"end":{"line":55,"column":null}},"27":{"start":{"line":41,"column":83},"end":{"line":55,"column":null}},"28":{"start":{"line":42,"column":44},"end":{"line":42,"column":64}},"29":{"start":{"line":43,"column":4},"end":{"line":54,"column":50}},"30":{"start":{"line":44,"column":54},"end":{"line":44,"column":70}},"31":{"start":{"line":45,"column":32},"end":{"line":45,"column":49}},"32":{"start":{"line":46,"column":33},"end":{"line":46,"column":65}},"33":{"start":{"line":47,"column":8},"end":{"line":47,"column":58}},"34":{"start":{"line":48,"column":38},"end":{"line":48,"column":89}},"35":{"start":{"line":49,"column":8},"end":{"line":53,"column":11}},"36":{"start":{"line":54,"column":21},"end":{"line":54,"column":49}},"37":{"start":{"line":41,"column":13},"end":{"line":41,"column":27}},"38":{"start":{"line":57,"column":33},"end":{"line":69,"column":null}},"39":{"start":{"line":57,"column":89},"end":{"line":69,"column":null}},"40":{"start":{"line":58,"column":44},"end":{"line":58,"column":64}},"41":{"start":{"line":59,"column":52},"end":{"line":59,"column":76}},"42":{"start":{"line":60,"column":4},"end":{"line":68,"column":49}},"43":{"start":{"line":61,"column":28},"end":{"line":61,"column":59}},"44":{"start":{"line":62,"column":37},"end":{"line":62,"column":79}},"45":{"start":{"line":63,"column":60},"end":{"line":63,"column":100}},"46":{"start":{"line":64,"column":8},"end":{"line":67,"column":11}},"47":{"start":{"line":68,"column":20},"end":{"line":68,"column":48}},"48":{"start":{"line":57,"column":13},"end":{"line":57,"column":33}},"49":{"start":{"line":72,"column":30},"end":{"line":81,"column":null}},"50":{"start":{"line":72,"column":86},"end":{"line":81,"column":null}},"51":{"start":{"line":73,"column":44},"end":{"line":73,"column":64}},"52":{"start":{"line":74,"column":4},"end":{"line":80,"column":47}},"53":{"start":{"line":75,"column":34},"end":{"line":75,"column":71}},"54":{"start":{"line":76,"column":8},"end":{"line":78,"column":11}},"55":{"start":{"line":80,"column":18},"end":{"line":80,"column":46}},"56":{"start":{"line":72,"column":13},"end":{"line":72,"column":30}},"57":{"start":{"line":83,"column":27},"end":{"line":107,"column":2}},"58":{"start":{"line":83,"column":80},"end":{"line":107,"column":2}},"59":{"start":{"line":84,"column":27},"end":{"line":84,"column":47}},"60":{"start":{"line":86,"column":4},"end":{"line":106,"column":5}},"61":{"start":{"line":87,"column":22},"end":{"line":87,"column":38}},"62":{"start":{"line":88,"column":23},"end":{"line":88,"column":30}},"63":{"start":{"line":89,"column":28},"end":{"line":89,"column":36}},"64":{"start":{"line":91,"column":8},"end":{"line":94,"column":9}},"65":{"start":{"line":92,"column":12},"end":{"line":92,"column":67}},"66":{"start":{"line":93,"column":12},"end":{"line":93,"column":19}},"67":{"start":{"line":96,"column":8},"end":{"line":96,"column":58}},"68":{"start":{"line":98,"column":8},"end":{"line":100,"column":11}},"69":{"start":{"line":102,"column":8},"end":{"line":102,"column":75}},"70":{"start":{"line":103,"column":8},"end":{"line":105,"column":11}},"71":{"start":{"line":83,"column":13},"end":{"line":83,"column":27}},"72":{"start":{"line":109,"column":26},"end":{"line":132,"column":4}},"73":{"start":{"line":109,"column":79},"end":{"line":132,"column":4}},"74":{"start":{"line":110,"column":27},"end":{"line":110,"column":47}},"75":{"start":{"line":112,"column":4},"end":{"line":131,"column":5}},"76":{"start":{"line":113,"column":20},"end":{"line":113,"column":36}},"77":{"start":{"line":114,"column":6},"end":{"line":117,"column":7}},"78":{"start":{"line":115,"column":8},"end":{"line":115,"column":72}},"79":{"start":{"line":116,"column":8},"end":{"line":116,"column":15}},"80":{"start":{"line":119,"column":21},"end":{"line":119,"column":28}},"81":{"start":{"line":120,"column":22},"end":{"line":120,"column":69}},"82":{"start":{"line":122,"column":6},"end":{"line":125,"column":9}},"83":{"start":{"line":127,"column":6},"end":{"line":127,"column":72}},"84":{"start":{"line":128,"column":6},"end":{"line":130,"column":9}},"85":{"start":{"line":109,"column":13},"end":{"line":109,"column":26}}},"fnMap":{"0":{"name":"(anonymous_8)","decl":{"start":{"line":5,"column":24},"end":{"line":5,"column":31}},"loc":{"start":{"line":5,"column":80},"end":{"line":26,"column":null}}},"1":{"name":"(anonymous_9)","decl":{"start":{"line":5,"column":80},"end":{"line":5,"column":null}},"loc":{"start":{"line":5,"column":80},"end":{"line":26,"column":1}}},"2":{"name":"(anonymous_10)","decl":{"start":{"line":28,"column":24},"end":{"line":28,"column":31}},"loc":{"start":{"line":28,"column":80},"end":{"line":39,"column":null}}},"3":{"name":"(anonymous_11)","decl":{"start":{"line":28,"column":80},"end":{"line":28,"column":null}},"loc":{"start":{"line":28,"column":80},"end":{"line":39,"column":1}}},"4":{"name":"(anonymous_12)","decl":{"start":{"line":41,"column":27},"end":{"line":41,"column":34}},"loc":{"start":{"line":41,"column":83},"end":{"line":55,"column":null}}},"5":{"name":"(anonymous_13)","decl":{"start":{"line":41,"column":83},"end":{"line":41,"column":null}},"loc":{"start":{"line":41,"column":83},"end":{"line":55,"column":1}}},"6":{"name":"(anonymous_14)","decl":{"start":{"line":57,"column":33},"end":{"line":57,"column":40}},"loc":{"start":{"line":57,"column":89},"end":{"line":69,"column":null}}},"7":{"name":"(anonymous_15)","decl":{"start":{"line":57,"column":89},"end":{"line":57,"column":null}},"loc":{"start":{"line":57,"column":89},"end":{"line":69,"column":1}}},"8":{"name":"(anonymous_16)","decl":{"start":{"line":72,"column":30},"end":{"line":72,"column":37}},"loc":{"start":{"line":72,"column":86},"end":{"line":81,"column":null}}},"9":{"name":"(anonymous_17)","decl":{"start":{"line":72,"column":86},"end":{"line":72,"column":null}},"loc":{"start":{"line":72,"column":86},"end":{"line":81,"column":1}}},"10":{"name":"(anonymous_18)","decl":{"start":{"line":83,"column":27},"end":{"line":83,"column":34}},"loc":{"start":{"line":83,"column":80},"end":{"line":107,"column":2}}},"11":{"name":"(anonymous_19)","decl":{"start":{"line":83,"column":80},"end":{"line":83,"column":null}},"loc":{"start":{"line":83,"column":80},"end":{"line":107,"column":1}}},"12":{"name":"(anonymous_20)","decl":{"start":{"line":109,"column":26},"end":{"line":109,"column":33}},"loc":{"start":{"line":109,"column":79},"end":{"line":132,"column":4}}},"13":{"name":"(anonymous_21)","decl":{"start":{"line":109,"column":79},"end":{"line":109,"column":null}},"loc":{"start":{"line":109,"column":79},"end":{"line":132,"column":3}}}},"branchMap":{"0":{"loc":{"start":{"line":12,"column":8},"end":{"line":17,"column":9}},"type":"if","locations":[{"start":{"line":12,"column":8},"end":{"line":17,"column":9}}]},"1":{"loc":{"start":{"line":91,"column":8},"end":{"line":94,"column":9}},"type":"if","locations":[{"start":{"line":91,"column":8},"end":{"line":94,"column":9}}]},"2":{"loc":{"start":{"line":114,"column":6},"end":{"line":117,"column":7}},"type":"if","locations":[{"start":{"line":114,"column":6},"end":{"line":117,"column":7}}]}},"s":{"0":1,"1":1,"2":1,"3":0,"4":0,"5":0,"6":0,"7":0,"8":0,"9":0,"10":0,"11":0,"12":0,"13":0,"14":0,"15":0,"16":1,"17":1,"18":0,"19":0,"20":0,"21":0,"22":0,"23":0,"24":0,"25":1,"26":1,"27":0,"28":0,"29":0,"30":0,"31":0,"32":0,"33":0,"34":0,"35":0,"36":0,"37":1,"38":1,"39":0,"40":0,"41":0,"42":0,"43":0,"44":0,"45":0,"46":0,"47":0,"48":1,"49":1,"50":0,"51":0,"52":0,"53":0,"54":0,"55":0,"56":1,"57":1,"58":0,"59":0,"60":0,"61":0,"62":0,"63":0,"64":0,"65":0,"66":0,"67":0,"68":0,"69":0,"70":0,"71":1,"72":1,"73":0,"74":0,"75":0,"76":0,"77":0,"78":0,"79":0,"80":0,"81":0,"82":0,"83":0,"84":0,"85":1},"f":{"0":0,"1":0,"2":0,"3":0,"4":0,"5":0,"6":0,"7":0,"8":0,"9":0,"10":0,"11":0,"12":0,"13":0},"b":{"0":[0],"1":[0],"2":[0]}}
,"D:\\MASTER1\\DEVOPS\\API-SPRING-test\\src\\controleurs\\utilisateurs.ts": {"path":"D:\\MASTER1\\DEVOPS\\API-SPRING-test\\src\\controleurs\\utilisateurs.ts","statementMap":{"0":{"start":{"line":1,"column":0},"end":{"line":1,"column":79}},"1":{"start":{"line":5,"column":27},"end":{"line":13,"column":null}},"2":{"start":{"line":5,"column":83},"end":{"line":13,"column":null}},"3":{"start":{"line":6,"column":45},"end":{"line":6,"column":69}},"4":{"start":{"line":7,"column":4},"end":{"line":12,"column":49}},"5":{"start":{"line":8,"column":56},"end":{"line":8,"column":87}},"6":{"start":{"line":9,"column":8},"end":{"line":11,"column":11}},"7":{"start":{"line":12,"column":20},"end":{"line":12,"column":48}},"8":{"start":{"line":5,"column":13},"end":{"line":5,"column":27}},"9":{"start":{"line":15,"column":32},"end":{"line":26,"column":null}},"10":{"start":{"line":15,"column":88},"end":{"line":26,"column":null}},"11":{"start":{"line":16,"column":45},"end":{"line":16,"column":69}},"12":{"start":{"line":17,"column":4},"end":{"line":24,"column":49}},"13":{"start":{"line":18,"column":36},"end":{"line":18,"column":52}},"14":{"start":{"line":19,"column":33},"end":{"line":19,"column":50}},"15":{"start":{"line":20,"column":56},"end":{"line":20,"column":99}},"16":{"start":{"line":21,"column":8},"end":{"line":23,"column":11}},"17":{"start":{"line":24,"column":20},"end":{"line":24,"column":48}},"18":{"start":{"line":15,"column":13},"end":{"line":15,"column":32}},"19":{"start":{"line":28,"column":27},"end":{"line":28,"column":51}},"20":{"start":{"line":30,"column":29},"end":{"line":48,"column":2}},"21":{"start":{"line":30,"column":67},"end":{"line":48,"column":2}},"22":{"start":{"line":31,"column":4},"end":{"line":47,"column":5}},"23":{"start":{"line":32,"column":82},"end":{"line":32,"column":90}},"24":{"start":{"line":34,"column":8},"end":{"line":42,"column":11}},"25":{"start":{"line":44,"column":8},"end":{"line":44,"column":71}},"26":{"start":{"line":46,"column":8},"end":{"line":46,"column":89}},"27":{"start":{"line":30,"column":13},"end":{"line":30,"column":29}},"28":{"start":{"line":50,"column":29},"end":{"line":75,"column":2}},"29":{"start":{"line":50,"column":67},"end":{"line":75,"column":2}},"30":{"start":{"line":51,"column":4},"end":{"line":74,"column":5}},"31":{"start":{"line":52,"column":24},"end":{"line":52,"column":40}},"32":{"start":{"line":53,"column":32},"end":{"line":53,"column":40}},"33":{"start":{"line":54,"column":27},"end":{"line":54,"column":56}},"34":{"start":{"line":56,"column":8},"end":{"line":58,"column":9}},"35":{"start":{"line":57,"column":12},"end":{"line":57,"column":59}},"36":{"start":{"line":60,"column":8},"end":{"line":62,"column":9}},"37":{"start":{"line":61,"column":12},"end":{"line":61,"column":85}},"38":{"start":{"line":65,"column":8},"end":{"line":68,"column":11}},"39":{"start":{"line":70,"column":8},"end":{"line":70,"column":77}},"40":{"start":{"line":72,"column":8},"end":{"line":72,"column":74}},"41":{"start":{"line":73,"column":8},"end":{"line":73,"column":92}},"42":{"start":{"line":50,"column":13},"end":{"line":50,"column":29}},"43":{"start":{"line":76,"column":26},"end":{"line":89,"column":2}},"44":{"start":{"line":76,"column":64},"end":{"line":89,"column":2}},"45":{"start":{"line":77,"column":4},"end":{"line":88,"column":5}},"46":{"start":{"line":78,"column":19},"end":{"line":78,"column":46}},"47":{"start":{"line":80,"column":21},"end":{"line":80,"column":61}},"48":{"start":{"line":81,"column":8},"end":{"line":83,"column":9}},"49":{"start":{"line":82,"column":12},"end":{"line":82,"column":74}},"50":{"start":{"line":85,"column":8},"end":{"line":85,"column":47}},"51":{"start":{"line":87,"column":8},"end":{"line":87,"column":93}},"52":{"start":{"line":76,"column":13},"end":{"line":76,"column":26}},"53":{"start":{"line":91,"column":37},"end":{"line":105,"column":2}},"54":{"start":{"line":91,"column":75},"end":{"line":105,"column":2}},"55":{"start":{"line":92,"column":4},"end":{"line":104,"column":5}},"56":{"start":{"line":93,"column":22},"end":{"line":93,"column":38}},"57":{"start":{"line":94,"column":19},"end":{"line":94,"column":26}},"58":{"start":{"line":96,"column":28},"end":{"line":96,"column":68}},"59":{"start":{"line":97,"column":8},"end":{"line":99,"column":9}},"60":{"start":{"line":98,"column":12},"end":{"line":98,"column":79}},"61":{"start":{"line":101,"column":8},"end":{"line":101,"column":54}},"62":{"start":{"line":103,"column":8},"end":{"line":103,"column":93}},"63":{"start":{"line":91,"column":13},"end":{"line":91,"column":37}}},"fnMap":{"0":{"name":"(anonymous_8)","decl":{"start":{"line":5,"column":27},"end":{"line":5,"column":34}},"loc":{"start":{"line":5,"column":83},"end":{"line":13,"column":null}}},"1":{"name":"(anonymous_9)","decl":{"start":{"line":5,"column":83},"end":{"line":5,"column":null}},"loc":{"start":{"line":5,"column":83},"end":{"line":13,"column":1}}},"2":{"name":"(anonymous_10)","decl":{"start":{"line":15,"column":32},"end":{"line":15,"column":39}},"loc":{"start":{"line":15,"column":88},"end":{"line":26,"column":null}}},"3":{"name":"(anonymous_11)","decl":{"start":{"line":15,"column":88},"end":{"line":15,"column":null}},"loc":{"start":{"line":15,"column":88},"end":{"line":26,"column":1}}},"4":{"name":"(anonymous_12)","decl":{"start":{"line":30,"column":29},"end":{"line":30,"column":36}},"loc":{"start":{"line":30,"column":67},"end":{"line":48,"column":2}}},"5":{"name":"(anonymous_13)","decl":{"start":{"line":30,"column":67},"end":{"line":30,"column":null}},"loc":{"start":{"line":30,"column":67},"end":{"line":48,"column":1}}},"6":{"name":"(anonymous_14)","decl":{"start":{"line":50,"column":29},"end":{"line":50,"column":36}},"loc":{"start":{"line":50,"column":67},"end":{"line":75,"column":2}}},"7":{"name":"(anonymous_15)","decl":{"start":{"line":50,"column":67},"end":{"line":50,"column":null}},"loc":{"start":{"line":50,"column":67},"end":{"line":75,"column":1}}},"8":{"name":"(anonymous_16)","decl":{"start":{"line":76,"column":26},"end":{"line":76,"column":33}},"loc":{"start":{"line":76,"column":64},"end":{"line":89,"column":2}}},"9":{"name":"(anonymous_17)","decl":{"start":{"line":76,"column":64},"end":{"line":76,"column":null}},"loc":{"start":{"line":76,"column":64},"end":{"line":89,"column":1}}},"10":{"name":"(anonymous_18)","decl":{"start":{"line":91,"column":37},"end":{"line":91,"column":44}},"loc":{"start":{"line":91,"column":75},"end":{"line":105,"column":2}}},"11":{"name":"(anonymous_19)","decl":{"start":{"line":91,"column":75},"end":{"line":91,"column":null}},"loc":{"start":{"line":91,"column":75},"end":{"line":105,"column":1}}}},"branchMap":{"0":{"loc":{"start":{"line":40,"column":25},"end":{"line":40,"column":44}},"type":"binary-expr","locations":[{"start":{"line":40,"column":25},"end":{"line":40,"column":36}},{"start":{"line":40,"column":40},"end":{"line":40,"column":44}}]},"1":{"loc":{"start":{"line":41,"column":26},"end":{"line":41,"column":46}},"type":"binary-expr","locations":[{"start":{"line":41,"column":26},"end":{"line":41,"column":38}},{"start":{"line":41,"column":42},"end":{"line":41,"column":46}}]},"2":{"loc":{"start":{"line":54,"column":27},"end":{"line":54,"column":56}},"type":"binary-expr","locations":[{"start":{"line":54,"column":27},"end":{"line":54,"column":48}},{"start":{"line":54,"column":52},"end":{"line":54,"column":56}}]},"3":{"loc":{"start":{"line":56,"column":8},"end":{"line":58,"column":9}},"type":"if","locations":[{"start":{"line":56,"column":8},"end":{"line":58,"column":9}}]},"4":{"loc":{"start":{"line":60,"column":8},"end":{"line":62,"column":9}},"type":"if","locations":[{"start":{"line":60,"column":8},"end":{"line":62,"column":9}}]},"5":{"loc":{"start":{"line":60,"column":12},"end":{"line":60,"column":41}},"type":"binary-expr","locations":[{"start":{"line":60,"column":12},"end":{"line":60,"column":24}},{"start":{"line":60,"column":28},"end":{"line":60,"column":41}}]},"6":{"loc":{"start":{"line":66,"column":25},"end":{"line":66,"column":44}},"type":"binary-expr","locations":[{"start":{"line":66,"column":25},"end":{"line":66,"column":36}},{"start":{"line":66,"column":40},"end":{"line":66,"column":44}}]},"7":{"loc":{"start":{"line":67,"column":26},"end":{"line":67,"column":46}},"type":"binary-expr","locations":[{"start":{"line":67,"column":26},"end":{"line":67,"column":38}},{"start":{"line":67,"column":42},"end":{"line":67,"column":46}}]},"8":{"loc":{"start":{"line":81,"column":8},"end":{"line":83,"column":9}},"type":"if","locations":[{"start":{"line":81,"column":8},"end":{"line":83,"column":9}}]},"9":{"loc":{"start":{"line":97,"column":8},"end":{"line":99,"column":9}},"type":"if","locations":[{"start":{"line":97,"column":8},"end":{"line":99,"column":9}}]}},"s":{"0":1,"1":1,"2":0,"3":0,"4":0,"5":0,"6":0,"7":0,"8":1,"9":1,"10":0,"11":0,"12":0,"13":0,"14":0,"15":0,"16":0,"17":0,"18":1,"19":1,"20":1,"21":0,"22":0,"23":0,"24":0,"25":0,"26":0,"27":1,"28":1,"29":0,"30":0,"31":0,"32":0,"33":0,"34":0,"35":0,"36":0,"37":0,"38":0,"39":0,"40":0,"41":0,"42":1,"43":1,"44":0,"45":0,"46":0,"47":0,"48":0,"49":0,"50":0,"51":0,"52":1,"53":1,"54":0,"55":0,"56":0,"57":0,"58":0,"59":0,"60":0,"61":0,"62":0,"63":1},"f":{"0":0,"1":0,"2":0,"3":0,"4":0,"5":0,"6":0,"7":0,"8":0,"9":0,"10":0,"11":0},"b":{"0":[0,0],"1":[0,0],"2":[0,0],"3":[0],"4":[0],"5":[0,0],"6":[0,0],"7":[0,0],"8":[0],"9":[0]}}
,"D:\\MASTER1\\DEVOPS\\API-SPRING-test\\src\\database\\amisService.ts": {"path":"D:\\MASTER1\\DEVOPS\\API-SPRING-test\\src\\database\\amisService.ts","statementMap":{"0":{"start":{"line":1,"column":0},"end":{"line":1,"column":30}},"1":{"start":{"line":8,"column":22},"end":{"line":11,"column":10}},"2":{"start":{"line":13,"column":8},"end":{"line":19,"column":9}},"3":{"start":{"line":14,"column":34},"end":{"line":14,"column":76}},"4":{"start":{"line":15,"column":12},"end":{"line":15,"column":43}},"5":{"start":{"line":17,"column":12},"end":{"line":17,"column":66}},"6":{"start":{"line":18,"column":12},"end":{"line":18,"column":24}},"7":{"start":{"line":24,"column":22},"end":{"line":28,"column":10}},"8":{"start":{"line":30,"column":8},"end":{"line":36,"column":9}},"9":{"start":{"line":31,"column":34},"end":{"line":31,"column":76}},"10":{"start":{"line":32,"column":12},"end":{"line":32,"column":43}},"11":{"start":{"line":34,"column":12},"end":{"line":34,"column":67}},"12":{"start":{"line":35,"column":12},"end":{"line":35,"column":24}},"13":{"start":{"line":41,"column":22},"end":{"line":45,"column":10}},"14":{"start":{"line":47,"column":8},"end":{"line":53,"column":9}},"15":{"start":{"line":48,"column":34},"end":{"line":48,"column":91}},"16":{"start":{"line":49,"column":12},"end":{"line":49,"column":43}},"17":{"start":{"line":51,"column":12},"end":{"line":51,"column":64}},"18":{"start":{"line":52,"column":12},"end":{"line":52,"column":24}},"19":{"start":{"line":58,"column":22},"end":{"line":64,"column":10}},"20":{"start":{"line":66,"column":8},"end":{"line":72,"column":9}},"21":{"start":{"line":67,"column":43},"end":{"line":67,"column":94}},"22":{"start":{"line":68,"column":12},"end":{"line":68,"column":26}},"23":{"start":{"line":70,"column":12},"end":{"line":70,"column":59}},"24":{"start":{"line":71,"column":12},"end":{"line":71,"column":24}},"25":{"start":{"line":77,"column":22},"end":{"line":82,"column":10}},"26":{"start":{"line":84,"column":8},"end":{"line":90,"column":9}},"27":{"start":{"line":85,"column":43},"end":{"line":85,"column":78}},"28":{"start":{"line":86,"column":12},"end":{"line":86,"column":26}},"29":{"start":{"line":88,"column":12},"end":{"line":88,"column":69}},"30":{"start":{"line":89,"column":12},"end":{"line":89,"column":24}},"31":{"start":{"line":95,"column":22},"end":{"line":100,"column":10}},"32":{"start":{"line":102,"column":8},"end":{"line":108,"column":9}},"33":{"start":{"line":103,"column":43},"end":{"line":103,"column":78}},"34":{"start":{"line":104,"column":12},"end":{"line":104,"column":26}},"35":{"start":{"line":106,"column":12},"end":{"line":106,"column":71}},"36":{"start":{"line":107,"column":12},"end":{"line":107,"column":24}},"37":{"start":{"line":113,"column":22},"end":{"line":117,"column":10}},"38":{"start":{"line":119,"column":8},"end":{"line":125,"column":9}},"39":{"start":{"line":120,"column":43},"end":{"line":120,"column":86}},"40":{"start":{"line":121,"column":12},"end":{"line":121,"column":35}},"41":{"start":{"line":123,"column":12},"end":{"line":123,"column":61}},"42":{"start":{"line":124,"column":12},"end":{"line":124,"column":24}},"43":{"start":{"line":130,"column":18},"end":{"line":156,"column":6}},"44":{"start":{"line":158,"column":4},"end":{"line":166,"column":5}},"45":{"start":{"line":159,"column":39},"end":{"line":161,"column":10}},"46":{"start":{"line":162,"column":8},"end":{"line":162,"column":22}},"47":{"start":{"line":164,"column":8},"end":{"line":164,"column":63}},"48":{"start":{"line":165,"column":8},"end":{"line":165,"column":20}},"49":{"start":{"line":4,"column":0},"end":{"line":4,"column":21}}},"fnMap":{"0":{"name":"(anonymous_7)","decl":{"start":{"line":7,"column":10},"end":{"line":7,"column":24}},"loc":{"start":{"line":7,"column":54},"end":{"line":20,"column":null}}},"1":{"name":"(anonymous_9)","decl":{"start":{"line":23,"column":10},"end":{"line":23,"column":25}},"loc":{"start":{"line":23,"column":55},"end":{"line":37,"column":null}}},"2":{"name":"(anonymous_11)","decl":{"start":{"line":40,"column":10},"end":{"line":40,"column":22}},"loc":{"start":{"line":40,"column":52},"end":{"line":54,"column":null}}},"3":{"name":"(anonymous_13)","decl":{"start":{"line":57,"column":10},"end":{"line":57,"column":17}},"loc":{"start":{"line":57,"column":32},"end":{"line":73,"column":null}}},"4":{"name":"(anonymous_15)","decl":{"start":{"line":76,"column":10},"end":{"line":76,"column":27}},"loc":{"start":{"line":76,"column":42},"end":{"line":91,"column":null}}},"5":{"name":"(anonymous_17)","decl":{"start":{"line":94,"column":10},"end":{"line":94,"column":29}},"loc":{"start":{"line":94,"column":44},"end":{"line":109,"column":null}}},"6":{"name":"(anonymous_19)","decl":{"start":{"line":112,"column":10},"end":{"line":112,"column":19}},"loc":{"start":{"line":112,"column":34},"end":{"line":126,"column":null}}},"7":{"name":"(anonymous_21)","decl":{"start":{"line":129,"column":6},"end":{"line":129,"column":16}},"loc":{"start":{"line":129,"column":60},"end":{"line":167,"column":null}}}},"branchMap":{},"s":{"0":1,"1":0,"2":0,"3":0,"4":0,"5":0,"6":0,"7":0,"8":0,"9":0,"10":0,"11":0,"12":0,"13":0,"14":0,"15":0,"16":0,"17":0,"18":0,"19":0,"20":0,"21":0,"22":0,"23":0,"24":0,"25":0,"26":0,"27":0,"28":0,"29":0,"30":0,"31":0,"32":0,"33":0,"34":0,"35":0,"36":0,"37":0,"38":0,"39":0,"40":0,"41":0,"42":0,"43":0,"44":0,"45":0,"46":0,"47":0,"48":0,"49":1},"f":{"0":0,"1":0,"2":0,"3":0,"4":0,"5":0,"6":0,"7":0},"b":{}}
,"D:\\MASTER1\\DEVOPS\\API-SPRING-test\\src\\database\\followers.ts": {"path":"D:\\MASTER1\\DEVOPS\\API-SPRING-test\\src\\database\\followers.ts","statementMap":{"0":{"start":{"line":1,"column":0},"end":{"line":1,"column":30}},"1":{"start":{"line":20,"column":12},"end":{"line":23,"column":null}},"2":{"start":{"line":24,"column":8},"end":{"line":27,"column":37}},"3":{"start":{"line":25,"column":44},"end":{"line":25,"column":96}},"4":{"start":{"line":26,"column":12},"end":{"line":26,"column":39}},"5":{"start":{"line":27,"column":24},"end":{"line":27,"column":36}},"6":{"start":{"line":32,"column":8},"end":{"line":34,"column":9}},"7":{"start":{"line":33,"column":12},"end":{"line":33,"column":73}},"8":{"start":{"line":36,"column":22},"end":{"line":40,"column":11}},"9":{"start":{"line":42,"column":8},"end":{"line":48,"column":9}},"10":{"start":{"line":43,"column":34},"end":{"line":43,"column":86}},"11":{"start":{"line":44,"column":12},"end":{"line":44,"column":43}},"12":{"start":{"line":46,"column":12},"end":{"line":46,"column":60}},"13":{"start":{"line":47,"column":12},"end":{"line":47,"column":24}},"14":{"start":{"line":55,"column":12},"end":{"line":57,"column":null}},"15":{"start":{"line":58,"column":8},"end":{"line":60,"column":38}},"16":{"start":{"line":59,"column":12},"end":{"line":59,"column":65}},"17":{"start":{"line":60,"column":25},"end":{"line":60,"column":37}},"18":{"start":{"line":65,"column":8},"end":{"line":67,"column":9}},"19":{"start":{"line":66,"column":12},"end":{"line":66,"column":73}},"20":{"start":{"line":69,"column":30},"end":{"line":73,"column":11}},"21":{"start":{"line":75,"column":8},"end":{"line":81,"column":9}},"22":{"start":{"line":76,"column":34},"end":{"line":76,"column":86}},"23":{"start":{"line":77,"column":12},"end":{"line":77,"column":43}},"24":{"start":{"line":79,"column":12},"end":{"line":79,"column":77}},"25":{"start":{"line":80,"column":12},"end":{"line":80,"column":24}},"26":{"start":{"line":88,"column":12},"end":{"line":90,"column":null}},"27":{"start":{"line":91,"column":8},"end":{"line":92,"column":36}},"28":{"start":{"line":91,"column":13},"end":{"line":91,"column":66}},"29":{"start":{"line":92,"column":23},"end":{"line":92,"column":35}},"30":{"start":{"line":97,"column":22},"end":{"line":121,"column":10}},"31":{"start":{"line":123,"column":8},"end":{"line":134,"column":9}},"32":{"start":{"line":124,"column":43},"end":{"line":124,"column":94}},"33":{"start":{"line":125,"column":12},"end":{"line":125,"column":61}},"34":{"start":{"line":126,"column":12},"end":{"line":126,"column":86}},"35":{"start":{"line":130,"column":12},"end":{"line":130,"column":55}},"36":{"start":{"line":132,"column":12},"end":{"line":132,"column":69}},"37":{"start":{"line":133,"column":12},"end":{"line":133,"column":24}},"38":{"start":{"line":144,"column":12},"end":{"line":152,"column":null}},"39":{"start":{"line":153,"column":8},"end":{"line":156,"column":37}},"40":{"start":{"line":154,"column":43},"end":{"line":154,"column":78}},"41":{"start":{"line":155,"column":12},"end":{"line":155,"column":42}},"42":{"start":{"line":156,"column":24},"end":{"line":156,"column":36}},"43":{"start":{"line":161,"column":22},"end":{"line":171,"column":10}},"44":{"start":{"line":173,"column":8},"end":{"line":179,"column":9}},"45":{"start":{"line":174,"column":43},"end":{"line":174,"column":78}},"46":{"start":{"line":175,"column":12},"end":{"line":175,"column":26}},"47":{"start":{"line":177,"column":12},"end":{"line":177,"column":73}},"48":{"start":{"line":178,"column":12},"end":{"line":178,"column":24}},"49":{"start":{"line":186,"column":18},"end":{"line":196,"column":2}},"50":{"start":{"line":200,"column":4},"end":{"line":206,"column":5}},"51":{"start":{"line":201,"column":39},"end":{"line":201,"column":74}},"52":{"start":{"line":202,"column":8},"end":{"line":202,"column":22}},"53":{"start":{"line":204,"column":8},"end":{"line":204,"column":72}},"54":{"start":{"line":205,"column":8},"end":{"line":205,"column":20}},"55":{"start":{"line":213,"column":12},"end":{"line":216,"column":null}},"56":{"start":{"line":217,"column":8},"end":{"line":223,"column":9}},"57":{"start":{"line":218,"column":43},"end":{"line":218,"column":78}},"58":{"start":{"line":219,"column":12},"end":{"line":219,"column":35}},"59":{"start":{"line":221,"column":12},"end":{"line":221,"column":62}},"60":{"start":{"line":222,"column":12},"end":{"line":222,"column":24}},"61":{"start":{"line":228,"column":22},"end":{"line":232,"column":11}},"62":{"start":{"line":234,"column":8},"end":{"line":240,"column":9}},"63":{"start":{"line":235,"column":43},"end":{"line":235,"column":78}},"64":{"start":{"line":236,"column":12},"end":{"line":236,"column":35}},"65":{"start":{"line":238,"column":12},"end":{"line":238,"column":77}},"66":{"start":{"line":239,"column":12},"end":{"line":239,"column":24}},"67":{"start":{"line":246,"column":29},"end":{"line":246,"column":42}},"68":{"start":{"line":247,"column":26},"end":{"line":247,"column":36}},"69":{"start":{"line":249,"column":22},"end":{"line":274,"column":10}},"70":{"start":{"line":276,"column":8},"end":{"line":284,"column":9}},"71":{"start":{"line":277,"column":43},"end":{"line":279,"column":14}},"72":{"start":{"line":280,"column":12},"end":{"line":280,"column":26}},"73":{"start":{"line":282,"column":12},"end":{"line":282,"column":66}},"74":{"start":{"line":283,"column":12},"end":{"line":283,"column":24}},"75":{"start":{"line":15,"column":0},"end":{"line":15,"column":21}}},"fnMap":{"0":{"name":"(anonymous_7)","decl":{"start":{"line":18,"column":10},"end":{"line":18,"column":24}},"loc":{"start":{"line":18,"column":66},"end":{"line":28,"column":null}}},"1":{"name":"(anonymous_9)","decl":{"start":{"line":31,"column":10},"end":{"line":31,"column":20}},"loc":{"start":{"line":31,"column":60},"end":{"line":49,"column":null}}},"2":{"name":"(anonymous_11)","decl":{"start":{"line":53,"column":10},"end":{"line":53,"column":22}},"loc":{"start":{"line":53,"column":64},"end":{"line":61,"column":null}}},"3":{"name":"(anonymous_13)","decl":{"start":{"line":64,"column":10},"end":{"line":64,"column":22}},"loc":{"start":{"line":64,"column":62},"end":{"line":82,"column":null}}},"4":{"name":"(anonymous_15)","decl":{"start":{"line":86,"column":10},"end":{"line":86,"column":29}},"loc":{"start":{"line":86,"column":71},"end":{"line":93,"column":null}}},"5":{"name":"(anonymous_17)","decl":{"start":{"line":96,"column":10},"end":{"line":96,"column":22}},"loc":{"start":{"line":96,"column":37},"end":{"line":135,"column":null}}},"6":{"name":"(anonymous_19)","decl":{"start":{"line":142,"column":10},"end":{"line":142,"column":22}},"loc":{"start":{"line":142,"column":38},"end":{"line":157,"column":null}}},"7":{"name":"(anonymous_21)","decl":{"start":{"line":160,"column":10},"end":{"line":160,"column":26}},"loc":{"start":{"line":160,"column":41},"end":{"line":180,"column":null}}},"8":{"name":"(anonymous_23)","decl":{"start":{"line":185,"column":6},"end":{"line":185,"column":25}},"loc":{"start":{"line":185,"column":40},"end":{"line":207,"column":null}}},"9":{"name":"(anonymous_25)","decl":{"start":{"line":211,"column":10},"end":{"line":211,"column":24}},"loc":{"start":{"line":211,"column":39},"end":{"line":224,"column":null}}},"10":{"name":"(anonymous_27)","decl":{"start":{"line":227,"column":10},"end":{"line":227,"column":24}},"loc":{"start":{"line":227,"column":39},"end":{"line":241,"column":null}}},"11":{"name":"(anonymous_29)","decl":{"start":{"line":245,"column":10},"end":{"line":245,"column":19}},"loc":{"start":{"line":245,"column":63},"end":{"line":285,"column":null}}}},"branchMap":{"0":{"loc":{"start":{"line":32,"column":8},"end":{"line":34,"column":9}},"type":"if","locations":[{"start":{"line":32,"column":8},"end":{"line":34,"column":9}}]},"1":{"loc":{"start":{"line":32,"column":12},"end":{"line":32,"column":75}},"type":"binary-expr","locations":[{"start":{"line":32,"column":12},"end":{"line":32,"column":41}},{"start":{"line":32,"column":45},"end":{"line":32,"column":75}}]},"2":{"loc":{"start":{"line":65,"column":8},"end":{"line":67,"column":9}},"type":"if","locations":[{"start":{"line":65,"column":8},"end":{"line":67,"column":9}}]},"3":{"loc":{"start":{"line":65,"column":12},"end":{"line":65,"column":75}},"type":"binary-expr","locations":[{"start":{"line":65,"column":12},"end":{"line":65,"column":41}},{"start":{"line":65,"column":45},"end":{"line":65,"column":75}}]},"4":{"loc":{"start":{"line":130,"column":19},"end":{"line":130,"column":54}},"type":"cond-expr","locations":[{"start":{"line":130,"column":43},"end":{"line":130,"column":49}},{"start":{"line":130,"column":52},"end":{"line":130,"column":54}}]}},"s":{"0":1,"1":0,"2":0,"3":0,"4":0,"5":0,"6":0,"7":0,"8":0,"9":0,"10":0,"11":0,"12":0,"13":0,"14":0,"15":0,"16":0,"17":0,"18":0,"19":0,"20":0,"21":0,"22":0,"23":0,"24":0,"25":0,"26":0,"27":0,"28":0,"29":0,"30":0,"31":0,"32":0,"33":0,"34":0,"35":0,"36":0,"37":0,"38":0,"39":0,"40":0,"41":0,"42":0,"43":0,"44":0,"45":0,"46":0,"47":0,"48":0,"49":0,"50":0,"51":0,"52":0,"53":0,"54":0,"55":0,"56":0,"57":0,"58":0,"59":0,"60":0,"61":0,"62":0,"63":0,"64":0,"65":0,"66":0,"67":0,"68":0,"69":0,"70":0,"71":0,"72":0,"73":0,"74":0,"75":1},"f":{"0":0,"1":0,"2":0,"3":0,"4":0,"5":0,"6":0,"7":0,"8":0,"9":0,"10":0,"11":0},"b":{"0":[0],"1":[0,0],"2":[0],"3":[0,0],"4":[0,0]}}
,"D:\\MASTER1\\DEVOPS\\API-SPRING-test\\src\\database\\musicLikesModel.ts": {"path":"D:\\MASTER1\\DEVOPS\\API-SPRING-test\\src\\database\\musicLikesModel.ts","statementMap":{"0":{"start":{"line":1,"column":0},"end":{"line":1,"column":30}},"1":{"start":{"line":5,"column":36},"end":{"line":7,"column":null}},"2":{"start":{"line":10,"column":8},"end":{"line":20,"column":9}},"3":{"start":{"line":12,"column":12},"end":{"line":12,"column":110}},"4":{"start":{"line":13,"column":12},"end":{"line":13,"column":105}},"5":{"start":{"line":14,"column":12},"end":{"line":14,"column":46}},"6":{"start":{"line":17,"column":12},"end":{"line":17,"column":109}},"7":{"start":{"line":18,"column":12},"end":{"line":18,"column":105}},"8":{"start":{"line":19,"column":12},"end":{"line":19,"column":48}},"9":{"start":{"line":24,"column":28},"end":{"line":24,"column":52}},"10":{"start":{"line":25,"column":8},"end":{"line":25,"column":73}},"11":{"start":{"line":25,"column":31},"end":{"line":25,"column":73}},"12":{"start":{"line":26,"column":8},"end":{"line":26,"column":75}},"13":{"start":{"line":26,"column":32},"end":{"line":26,"column":75}},"14":{"start":{"line":28,"column":28},"end":{"line":33,"column":10}},"15":{"start":{"line":35,"column":8},"end":{"line":35,"column":20}},"16":{"start":{"line":39,"column":0},"end":{"line":39,"column":31}}},"fnMap":{"0":{"name":"(anonymous_7)","decl":{"start":{"line":4,"column":4},"end":{"line":4,"column":10}},"loc":{"start":{"line":4,"column":58},"end":{"line":21,"column":null}}},"1":{"name":"(anonymous_9)","decl":{"start":{"line":23,"column":4},"end":{"line":23,"column":10}},"loc":{"start":{"line":23,"column":47},"end":{"line":36,"column":null}}}},"branchMap":{"0":{"loc":{"start":{"line":10,"column":8},"end":{"line":20,"column":9}},"type":"if","locations":[{"start":{"line":10,"column":8},"end":{"line":20,"column":9}},{"start":{"line":15,"column":15},"end":{"line":20,"column":9}}]},"1":{"loc":{"start":{"line":25,"column":8},"end":{"line":25,"column":73}},"type":"if","locations":[{"start":{"line":25,"column":8},"end":{"line":25,"column":73}}]},"2":{"loc":{"start":{"line":26,"column":8},"end":{"line":26,"column":75}},"type":"if","locations":[{"start":{"line":26,"column":8},"end":{"line":26,"column":75}}]}},"s":{"0":1,"1":0,"2":0,"3":0,"4":0,"5":0,"6":0,"7":0,"8":0,"9":0,"10":0,"11":0,"12":0,"13":0,"14":0,"15":0,"16":1},"f":{"0":0,"1":0},"b":{"0":[0,0],"1":[0],"2":[0]}}
[...]
,"loc":{"start":{"line":108,"column":32},"end":{"line":113,"column":null}}},"7":{"name":"(anonymous_21)","decl":{"start":{"line":115,"column":10},"end":{"line":115,"column":26}},"loc":{"start":{"line":115,"column":37},"end":{"line":124,"column":null}}},"8":{"name":"(anonymous_23)","decl":{"start":{"line":125,"column":10},"end":{"line":125,"column":23}},"loc":{"start":{"line":125,"column":92},"end":{"line":152,"column":null}}}},"branchMap":{"0":{"loc":{"start":{"line":46,"column":16},"end":{"line":46,"column":40}},"type":"binary-expr","locations":[{"start":{"line":46,"column":16},"end":{"line":46,"column":32}},{"start":{"line":46,"column":36},"end":{"line":46,"column":40}}]},"1":{"loc":{"start":{"line":47,"column":16},"end":{"line":47,"column":41}},"type":"binary-expr","locations":[{"start":{"line":47,"column":16},"end":{"line":47,"column":33}},{"start":{"line":47,"column":37},"end":{"line":47,"column":41}}]},"2":{"loc":{"start":{"line":86,"column":12},"end":{"line":86,"column":49}},"type":"if","locations":[{"start":{"line":86,"column":12},"end":{"line":86,"column":49}}]},"3":{"loc":{"start":{"line":95,"column":12},"end":{"line":97,"column":13}},"type":"if","locations":[{"start":{"line":95,"column":12},"end":{"line":97,"column":13}}]},"4":{"loc":{"start":{"line":96,"column":16},"end":{"line":96,"column":77}},"type":"if","locations":[{"start":{"line":96,"column":16},"end":{"line":96,"column":77}}]},"5":{"loc":{"start":{"line":130,"column":8},"end":{"line":133,"column":9}},"type":"if","locations":[{"start":{"line":130,"column":8},"end":{"line":133,"column":9}}]},"6":{"loc":{"start":{"line":135,"column":8},"end":{"line":138,"column":9}},"type":"if","locations":[{"start":{"line":135,"column":8},"end":{"line":138,"column":9}}]},"7":{"loc":{"start":{"line":140,"column":8},"end":{"line":142,"column":9}},"type":"if","locations":[{"start":{"line":140,"column":8},"end":{"line":142,"column":9}}]}},"s":{"0":3,"1":1,"2":1,"3":1,"4":0,"5":1,"6":1,"7":1,"8":1,"9":0,"10":1,"11":1,"12":1,"13":1,"14":0,"15":0,"16":0,"17":0,"18":0,"19":0,"20":0,"21":0,"22":0,"23":0,"24":0,"25":0,"26":0,"27":0,"28":0,"29":0,"30":0,"31":0,"32":0,"33":0,"34":0,"35":0,"36":0,"37":0,"38":0,"39":0,"40":0,"41":0,"42":0,"43":0,"44":0,"45":0,"46":0,"47":0,"48":0,"49":0,"50":0,"51":0,"52":0,"53":0,"54":0,"55":3},"f":{"0":1,"1":1,"2":1,"3":0,"4":0,"5":0,"6":0,"7":0,"8":0},"b":{"0":[1,0],"1":[1,0],"2":[0],"3":[0],"4":[0],"5":[0],"6":[0],"7":[0]}}
,"D:\\MASTER1\\DEVOPS\\API-SPRING-test\\src\\database\\test\\testMusiqueService.ts": {"path":"D:\\MASTER1\\DEVOPS\\API-SPRING-test\\src\\database\\test\\testMusiqueService.ts","statementMap":{"0":{"start":{"line":1,"column":0},"end":{"line":1,"column":58}},"1":{"start":{"line":3,"column":21},"end":{"line":9,"column":null}},"2":{"start":{"line":3,"column":63},"end":{"line":9,"column":null}},"3":{"start":{"line":4,"column":42},"end":{"line":4,"column":62}},"4":{"start":{"line":5,"column":4},"end":{"line":8,"column":40}},"5":{"start":{"line":6,"column":8},"end":{"line":6,"column":43}},"6":{"start":{"line":7,"column":8},"end":{"line":7,"column":53}},"7":{"start":{"line":8,"column":20},"end":{"line":8,"column":39}},"8":{"start":{"line":11,"column":24},"end":{"line":17,"column":null}},"9":{"start":{"line":11,"column":79},"end":{"line":17,"column":null}},"10":{"start":{"line":12,"column":42},"end":{"line":12,"column":62}},"11":{"start":{"line":13,"column":4},"end":{"line":16,"column":40}},"12":{"start":{"line":14,"column":8},"end":{"line":14,"column":52}},"13":{"start":{"line":15,"column":8},"end":{"line":15,"column":61}},"14":{"start":{"line":16,"column":20},"end":{"line":16,"column":39}},"15":{"start":{"line":19,"column":30},"end":{"line":25,"column":null}},"16":{"start":{"line":19,"column":73},"end":{"line":25,"column":null}},"17":{"start":{"line":20,"column":42},"end":{"line":20,"column":62}},"18":{"start":{"line":21,"column":4},"end":{"line":24,"column":40}},"19":{"start":{"line":22,"column":37},"end":{"line":22,"column":82}},"20":{"start":{"line":23,"column":8},"end":{"line":23,"column":30}},"21":{"start":{"line":24,"column":20},"end":{"line":24,"column":39}},"22":{"start":{"line":27,"column":24},"end":{"line":33,"column":null}},"23":{"start":{"line":37,"column":0},"end":{"line":37,"column":25}}},"fnMap":{"0":{"name":"(anonymous_8)","decl":{"start":{"line":3,"column":21},"end":{"line":3,"column":28}},"loc":{"start":{"line":3,"column":63},"end":{"line":9,"column":null}}},"1":{"name":"(anonymous_9)","decl":{"start":{"line":3,"column":63},"end":{"line":3,"column":null}},"loc":{"start":{"line":3,"column":63},"end":{"line":9,"column":1}}},"2":{"name":"(anonymous_10)","decl":{"start":{"line":11,"column":24},"end":{"line":11,"column":31}},"loc":{"start":{"line":11,"column":79},"end":{"line":17,"column":null}}},"3":{"name":"(anonymous_11)","decl":{"start":{"line":11,"column":79},"end":{"line":11,"column":null}},"loc":{"start":{"line":11,"column":79},"end":{"line":17,"column":1}}},"4":{"name":"(anonymous_12)","decl":{"start":{"line":19,"column":30},"end":{"line":19,"column":37}},"loc":{"start":{"line":19,"column":73},"end":{"line":25,"column":null}}},"5":{"name":"(anonymous_13)","decl":{"start":{"line":19,"column":73},"end":{"line":19,"column":null}},"loc":{"start":{"line":19,"column":73},"end":{"line":25,"column":1}}}},"branchMap":{},"s":{"0":0,"1":0,"2":0,"3":0,"4":0,"5":0,"6":0,"7":0,"8":0,"9":0,"10":0,"11":0,"12":0,"13":0,"14":0,"15":0,"16":0,"17":0,"18":0,"19":0,"20":0,"21":0,"22":0,"23":0},"f":{"0":0,"1":0,"2":0,"3":0,"4":0,"5":0},"b":{}}
,"D:\\MASTER1\\DEVOPS\\API-SPRING-test\\src\\database\\test\\testUtilisateurService.ts": {"path":"D:\\MASTER1\\DEVOPS\\API-SPRING-test\\src\\database\\test\\testUtilisateurService.ts","statementMap":{"0":{"start":{"line":1,"column":0},"end":{"line":1,"column":70}},"1":{"start":{"line":4,"column":23},"end":{"line":9,"column":null}},"2":{"start":{"line":4,"column":67},"end":{"line":9,"column":null}},"3":{"start":{"line":5,"column":45},"end":{"line":5,"column":69}},"4":{"start":{"line":6,"column":4},"end":{"line":8,"column":41}},"5":{"start":{"line":7,"column":8},"end":{"line":7,"column":43}},"6":{"start":{"line":8,"column":21},"end":{"line":8,"column":40}},"7":{"start":{"line":12,"column":24},"end":{"line":18,"column":null}},"8":{"start":{"line":12,"column":62},"end":{"line":18,"column":null}},"9":{"start":{"line":13,"column":45},"end":{"line":13,"column":69}},"10":{"start":{"line":14,"column":4},"end":{"line":17,"column":40}},"11":{"start":{"line":15,"column":53},"end":{"line":15,"column":86}},"12":{"start":{"line":16,"column":8},"end":{"line":16,"column":26}},"13":{"start":{"line":17,"column":20},"end":{"line":17,"column":39}},"14":{"start":{"line":21,"column":27},"end":{"line":27,"column":null}},"15":{"start":{"line":21,"column":68},"end":{"line":27,"column":null}},"16":{"start":{"line":22,"column":45},"end":{"line":22,"column":69}},"17":{"start":{"line":23,"column":4},"end":{"line":26,"column":40}},"18":{"start":{"line":24,"column":53},"end":{"line":24,"column":92}},"19":{"start":{"line":25,"column":8},"end":{"line":25,"column":26}},"20":{"start":{"line":26,"column":20},"end":{"line":26,"column":39}},"21":{"start":{"line":30,"column":24},"end":{"line":36,"column":null}},"22":{"start":{"line":30,"column":65},"end":{"line":36,"column":null}},"23":{"start":{"line":31,"column":45},"end":{"line":31,"column":69}},"24":{"start":{"line":32,"column":4},"end":{"line":35,"column":40}},"25":{"start":{"line":33,"column":33},"end":{"line":33,"column":69}},"26":{"start":{"line":34,"column":8},"end":{"line":34,"column":28}},"27":{"start":{"line":35,"column":20},"end":{"line":35,"column":39}},"28":{"start":{"line":38,"column":27},"end":{"line":44,"column":null}},"29":{"start":{"line":38,"column":87},"end":{"line":44,"column":null}},"30":{"start":{"line":39,"column":45},"end":{"line":39,"column":69}},"31":{"start":{"line":40,"column":4},"end":{"line":43,"column":40}},"32":{"start":{"line":41,"column":33},"end":{"line":41,"column":82}},"33":{"start":{"line":42,"column":8},"end":{"line":42,"column":28}},"34":{"start":{"line":43,"column":20},"end":{"line":43,"column":39}},"35":{"start":{"line":46,"column":24},"end":{"line":52,"column":null}},"36":{"start":{"line":46,"column":51},"end":{"line":52,"column":null}},"37":{"start":{"line":47,"column":52},"end":{"line":47,"column":76}},"38":{"start":{"line":48,"column":4},"end":{"line":51,"column":41}},"39":{"start":{"line":49,"column":56},"end":{"line":49,"column":94}},"40":{"start":{"line":50,"column":8},"end":{"line":50,"column":27}},"41":{"start":{"line":51,"column":21},"end":{"line":51,"column":40}},"42":{"start":{"line":54,"column":23},"end":{"line":60,"column":null}},"43":{"start":{"line":54,"column":61},"end":{"line":60,"column":null}},"44":{"start":{"line":55,"column":52},"end":{"line":55,"column":76}},"45":{"start":{"line":56,"column":4},"end":{"line":59,"column":38}},"46":{"start":{"line":57,"column":8},"end":{"line":57,"column":48}},"47":{"start":{"line":59,"column":18},"end":{"line":59,"column":37}},"48":{"start":{"line":62,"column":27},"end":{"line":68,"column":null}}},"fnMap":{"0":{"name":"(anonymous_8)","decl":{"start":{"line":4,"column":23},"end":{"line":4,"column":30}},"loc":{"start":{"line":4,"column":67},"end":{"line":9,"column":null}}},"1":{"name":"(anonymous_9)","decl":{"start":{"line":4,"column":67},"end":{"line":4,"column":null}},"loc":{"start":{"line":4,"column":67},"end":{"line":9,"column":1}}},"2":{"name":"(anonymous_10)","decl":{"start":{"line":12,"column":24},"end":{"line":12,"column":31}},"loc":{"start":{"line":12,"column":62},"end":{"line":18,"column":null}}},"3":{"name":"(anonymous_11)","decl":{"start":{"line":12,"column":62},"end":{"line":12,"column":null}},"loc":{"start":{"line":12,"column":62},"end":{"line":18,"column":1}}},"4":{"name":"(anonymous_12)","decl":{"start":{"line":21,"column":27},"end":{"line":21,"column":34}},"loc":{"start":{"line":21,"column":68},"end":{"line":27,"column":null}}},"5":{"name":"(anonymous_13)","decl":{"start":{"line":21,"column":68},"end":{"line":21,"column":null}},"loc":{"start":{"line":21,"column":68},"end":{"line":27,"column":1}}},"6":{"name":"(anonymous_14)","decl":{"start":{"line":30,"column":24},"end":{"line":30,"column":31}},"loc":{"start":{"line":30,"column":65},"end":{"line":36,"column":null}}},"7":{"name":"(anonymous_15)","decl":{"start":{"line":30,"column":65},"end":{"line":30,"column":null}},"loc":{"start":{"line":30,"column":65},"end":{"line":36,"column":1}}},"8":{"name":"(anonymous_16)","decl":{"start":{"line":38,"column":27},"end":{"line":38,"column":34}},"loc":{"start":{"line":38,"column":87},"end":{"line":44,"column":null}}},"9":{"name":"(anonymous_17)","decl":{"start":{"line":38,"column":87},"end":{"line":38,"column":null}},"loc":{"start":{"line":38,"column":87},"end":{"line":44,"column":1}}},"10":{"name":"(anonymous_18)","decl":{"start":{"line":46,"column":24},"end":{"line":46,"column":49}},"loc":{"start":{"line":46,"column":51},"end":{"line":52,"column":null}}},"11":{"name":"(anonymous_19)","decl":{"start":{"line":46,"column":51},"end":{"line":46,"column":null}},"loc":{"start":{"line":46,"column":51},"end":{"line":52,"column":1}}},"12":{"name":"(anonymous_20)","decl":{"start":{"line":54,"column":23},"end":{"line":54,"column":30}},"loc":{"start":{"line":54,"column":61},"end":{"line":60,"column":null}}},"13":{"name":"(anonymous_21)","decl":{"start":{"line":54,"column":61},"end":{"line":54,"column":null}},"loc":{"start":{"line":54,"column":61},"end":{"line":60,"column":1}}}},"branchMap":{},"s":{"0":0,"1":0,"2":0,"3":0,"4":0,"5":0,"6":0,"7":0,"8":0,"9":0,"10":0,"11":0,"12":0,"13":0,"14":0,"15":0,"16":0,"17":0,"18":0,"19":0,"20":0,"21":0,"22":0,"23":0,"24":0,"25":0,"26":0,"27":0,"28":0,"29":0,"30":0,"31":0,"32":0,"33":0,"34":0,"35":0,"36":0,"37":0,"38":0,"39":0,"40":0,"41":0,"42":0,"43":0,"44":0,"45":0,"46":0,"47":0,"48":0},"f":{"0":0,"1":0,"2":0,"3":0,"4":0,"5":0,"6":0,"7":0,"8":0,"9":0,"10":0,"11":0,"12":0,"13":0},"b":{}}
,"D:\\MASTER1\\DEVOPS\\API-SPRING-test\\src\\middlewares\\authentification.ts": {"path":"D:\\MASTER1\\DEVOPS\\API-SPRING-test\\src\\middlewares\\authentification.ts","statementMap":{"0":{"start":{"line":2,"column":0},"end":{"line":2,"column":101}},"1":{"start":{"line":3,"column":0},"end":{"line":3,"column":41}},"2":{"start":{"line":4,"column":0},"end":{"line":4,"column":31}},"3":{"start":{"line":7,"column":33},"end":{"line":22,"column":null}},"4":{"start":{"line":7,"column":110},"end":{"line":22,"column":null}},"5":{"start":{"line":8,"column":52},"end":{"line":8,"column":76}},"6":{"start":{"line":9,"column":4},"end":{"line":21,"column":5}},"7":{"start":{"line":10,"column":35},"end":{"line":10,"column":43}},"8":{"start":{"line":11,"column":33},"end":{"line":11,"column":81}},"9":{"start":{"line":12,"column":8},"end":{"line":18,"column":9}},"10":{"start":{"line":13,"column":13},"end":{"line":13,"column":37}},"11":{"start":{"line":14,"column":12},"end":{"line":14,"column":19}},"12":{"start":{"line":17,"column":12},"end":{"line":17,"column":70}},"13":{"start":{"line":20,"column":8},"end":{"line":20,"column":48}},"14":{"start":{"line":7,"column":13},"end":{"line":7,"column":33}},"15":{"start":{"line":24,"column":32},"end":{"line":40,"column":null}},"16":{"start":{"line":24,"column":109},"end":{"line":40,"column":null}},"17":{"start":{"line":25,"column":52},"end":{"line":25,"column":76}},"18":{"start":{"line":26,"column":4},"end":{"line":39,"column":5}},"19":{"start":{"line":27,"column":44},"end":{"line":27,"column":52}},"20":{"start":{"line":28,"column":33},"end":{"line":28,"column":81}},"21":{"start":{"line":29,"column":8},"end":{"line":35,"column":9}},"22":{"start":{"line":30,"column":13},"end":{"line":30,"column":70}},"23":{"start":{"line":31,"column":12},"end":{"line":31,"column":19}},"24":{"start":{"line":34,"column":12},"end":{"line":34,"column":57}},"25":{"start":{"line":38,"column":8},"end":{"line":38,"column":48}},"26":{"start":{"line":24,"column":13},"end":{"line":24,"column":32}},"27":{"start":{"line":42,"column":30},"end":{"line":59,"column":null}},"28":{"start":{"line":42,"column":107},"end":{"line":59,"column":null}},"29":{"start":{"line":43,"column":52},"end":{"line":43,"column":76}},"30":{"start":{"line":44,"column":4},"end":{"line":58,"column":5}},"31":{"start":{"line":45,"column":54},"end":{"line":45,"column":103}},"32":{"start":{"line":46,"column":33},"end":{"line":46,"column":117}},"33":{"start":{"line":47,"column":8},"end":{"line":54,"column":9}},"34":{"start":{"line":48,"column":57},"end":{"line":48,"column":117}},"35":{"start":{"line":49,"column":13},"end":{"line":49,"column":70}},"36":{"start":{"line":50,"column":12},"end":{"line":50,"column":19}},"37":{"start":{"line":53,"column":12},"end":{"line":53,"column":73}},"38":{"start":{"line":56,"column":8},"end":{"line":56,"column":27}},"39":{"start":{"line":57,"column":8},"end":{"line":57,"column":36}},"40":{"start":{"line":42,"column":13},"end":{"line":42,"column":30}},"41":{"start":{"line":61,"column":27},"end":{"line":77,"column":1}},"42":{"start":{"line":62,"column":4},"end":{"line":76,"column":5}},"43":{"start":{"line":63,"column":31},"end":{"line":63,"column":81}},"44":{"start":{"line":64,"column":8},"end":{"line":72,"column":11}},"45":{"start":{"line":65,"column":12},"end":{"line":68,"column":13}},"46":{"start":{"line":66,"column":16},"end":{"line":66,"column":71}},"47":{"start":{"line":67,"column":16},"end":{"line":67,"column":23}},"48":{"start":{"line":69,"column":61},"end":{"line":69,"column":101}},"49":{"start":{"line":70,"column":13},"end":{"line":70,"column":41}},"50":{"start":{"line":71,"column":12},"end":{"line":71,"column":19}},"51":{"start":{"line":75,"column":8},"end":{"line":75,"column":48}},"52":{"start":{"line":61,"column":13},"end":{"line":61,"column":27}}},"fnMap":{"0":{"name":"(anonymous_8)","decl":{"start":{"line":7,"column":33},"end":{"line":7,"column":40}},"loc":{"start":{"line":7,"column":110},"end":{"line":22,"column":null}}},"1":{"name":"(anonymous_9)","decl":{"start":{"line":7,"column":110},"end":{"line":7,"column":null}},"loc":{"start":{"line":7,"column":110},"end":{"line":22,"column":1}}},"2":{"name":"(anonymous_10)","decl":{"start":{"line":24,"column":32},"end":{"line":24,"column":39}},"loc":{"start":{"line":24,"column":109},"end":{"line":40,"column":null}}},"3":{"name":"(anonymous_11)","decl":{"start":{"line":24,"column":109},"end":{"line":24,"column":null}},"loc":{"start":{"line":24,"column":109},"end":{"line":40,"column":1}}},"4":{"name":"(anonymous_12)","decl":{"start":{"line":42,"column":30},"end":{"line":42,"column":37}},"loc":{"start":{"line":42,"column":107},"end":{"line":59,"column":null}}},"5":{"name":"(anonymous_13)","decl":{"start":{"line":42,"column":107},"end":{"line":42,"column":null}},"loc":{"start":{"line":42,"column":107},"end":{"line":59,"column":1}}},"6":{"name":"(anonymous_14)","decl":{"start":{"line":61,"column":27},"end":{"line":61,"column":28}},"loc":{"start":{"line":61,"column":89},"end":{"line":77,"column":1}}},"7":{"name":"(anonymous_15)","decl":{"start":{"line":64,"column":37},"end":{"line":64,"column":38}},"loc":{"start":{"line":64,"column":55},"end":{"line":72,"column":9}}}},"branchMap":{"0":{"loc":{"start":{"line":12,"column":8},"end":{"line":18,"column":9}},"type":"if","locations":[{"start":{"line":12,"column":8},"end":{"line":18,"column":9}},{"start":{"line":16,"column":13},"end":{"line":18,"column":9}}]},"1":{"loc":{"start":{"line":29,"column":8},"end":{"line":35,"column":9}},"type":"if","locations":[{"start":{"line":29,"column":8},"end":{"line":35,"column":9}},{"start":{"line":33,"column":13},"end":{"line":35,"column":9}}]},"2":{"loc":{"start":{"line":47,"column":8},"end":{"line":54,"column":9}},"type":"if","locations":[{"start":{"line":47,"column":8},"end":{"line":54,"column":9}},{"start":{"line":52,"column":13},"end":{"line":54,"column":9}}]},"3":{"loc":{"start":{"line":63,"column":31},"end":{"line":63,"column":81}},"type":"cond-expr","locations":[{"start":{"line":63,"column":56},"end":{"line":63,"column":58}},{"start":{"line":63,"column":56},"end":{"line":63,"column":81}}]},"4":{"loc":{"start":{"line":63,"column":31},"end":{"line":63,"column":58}},"type":"binary-expr","locations":[{"start":{"line":63,"column":31},"end":{"line":63,"column":58}},{"start":{"line":63,"column":56},"end":{"line":63,"column":58}}]},"5":{"loc":{"start":{"line":65,"column":12},"end":{"line":68,"column":13}},"type":"if","locations":[{"start":{"line":65,"column":12},"end":{"line":68,"column":13}}]}},"s":{"0":0,"1":0,"2":0,"3":0,"4":0,"5":0,"6":0,"7":0,"8":0,"9":0,"10":0,"11":0,"12":0,"13":0,"14":0,"15":0,"16":0,"17":0,"18":0,"19":0,"20":0,"21":0,"22":0,"23":0,"24":0,"25":0,"26":0,"27":0,"28":0,"29":0,"30":0,"31":0,"32":0,"33":0,"34":0,"35":0,"36":0,"37":0,"38":0,"39":0,"40":0,"41":0,"42":0,"43":0,"44":0,"45":0,"46":0,"47":0,"48":0,"49":0,"50":0,"51":0,"52":0},"f":{"0":0,"1":0,"2":0,"3":0,"4":0,"5":0,"6":0,"7":0},"b":{"0":[0,0],"1":[0,0],"2":[0,0],"3":[0,0],"4":[0,0],"5":[0]}}
,"D:\\MASTER1\\DEVOPS\\API-SPRING-test\\src\\middlewares\\uploadMiddleware.ts": {"path":"D:\\MASTER1\\DEVOPS\\API-SPRING-test\\src\\middlewares\\uploadMiddleware.ts","statementMap":{"0":{"start":{"line":1,"column":0},"end":{"line":1,"column":28}},"1":{"start":{"line":2,"column":0},"end":{"line":2,"column":29}},"2":{"start":{"line":4,"column":16},"end":{"line":11,"column":2}},"3":{"start":{"line":6,"column":8},"end":{"line":6,"column":29}},"4":{"start":{"line":9,"column":8},"end":{"line":9,"column":63}},"5":{"start":{"line":13,"column":13},"end":{"line":13,"column":42}}},"fnMap":{"0":{"name":"(anonymous_7)","decl":{"start":{"line":5,"column":17},"end":{"line":5,"column":18}},"loc":{"start":{"line":5,"column":35},"end":{"line":7,"column":5}}},"1":{"name":"(anonymous_8)","decl":{"start":{"line":8,"column":14},"end":{"line":8,"column":15}},"loc":{"start":{"line":8,"column":32},"end":{"line":10,"column":5}}}},"branchMap":{},"s":{"0":1,"1":1,"2":1,"3":0,"4":0,"5":1},"f":{"0":0,"1":0},"b":{}}
}
