TN:
SF:src\secretKey.ts
FNF:0
FNH:0
DA:1,2
LF:1
LH:1
BRF:0
BRH:0
end_of_record
TN:
SF:src\server.ts
FN:24,(anonymous_8)
FN:46,(anonymous_9)
FN:46,(anonymous_10)
FN:63,(anonymous_11)
FN:69,(anonymous_12)
FNF:5
FNH:0
FNDA:0,(anonymous_8)
FNDA:0,(anonymous_9)
FNDA:0,(anonymous_10)
FNDA:0,(anonymous_11)
FNDA:0,(anonymous_12)
DA:1,1
DA:2,1
DA:3,1
DA:4,1
DA:5,1
DA:6,1
DA:7,1
DA:8,1
DA:9,1
DA:10,1
DA:14,1
DA:15,1
DA:17,1
DA:18,1
DA:19,1
DA:24,1
DA:25,0
DA:31,1
DA:32,1
DA:35,1
DA:36,1
DA:40,1
DA:41,1
DA:42,1
DA:43,1
DA:44,1
DA:46,1
DA:47,0
DA:48,0
DA:49,0
DA:50,0
DA:51,0
DA:54,0
DA:55,0
DA:56,0
DA:58,0
DA:59,0
DA:63,1
DA:64,0
DA:65,0
DA:68,1
DA:69,0
DA:70,0
DA:75,1
DA:78,1
DA:81,1
DA:83,1
LF:47
LH:32
BRDA:50,0,0,0
BRDA:68,1,0,0
BRF:2
BRH:0
end_of_record
TN:
SF:src\controleurs\authentification.ts
FN:7,(anonymous_8)
FN:7,(anonymous_9)
FN:24,(anonymous_10)
FN:24,(anonymous_11)
FNF:4
FNH:2
FNDA:1,(anonymous_8)
FNDA:1,(anonymous_9)
FNDA:0,(anonymous_10)
FNDA:0,(anonymous_11)
DA:1,2
DA:4,2
DA:5,2
DA:7,2
DA:8,1
DA:9,1
DA:10,1
DA:11,1
DA:13,1
DA:14,1
DA:19,0
DA:24,2
DA:25,0
DA:26,0
DA:27,0
DA:29,0
DA:31,0
DA:32,0
DA:34,0
DA:35,0
DA:36,0
DA:39,0
DA:40,0
DA:42,0
DA:43,0
DA:44,0
DA:47,0
DA:48,0
DA:53,0
DA:54,0
LF:30
LH:11
BRDA:34,0,0,0
BRDA:42,1,0,0
BRF:2
BRH:0
end_of_record
TN:
SF:src\controleurs\musique.ts
FN:5,(anonymous_8)
FN:5,(anonymous_9)
FN:28,(anonymous_10)
FN:28,(anonymous_11)
FN:41,(anonymous_12)
FN:41,(anonymous_13)
FN:57,(anonymous_14)
FN:57,(anonymous_15)
FN:72,(anonymous_16)
FN:72,(anonymous_17)
FNF:10
FNH:0
FNDA:0,(anonymous_8)
FNDA:0,(anonymous_9)
FNDA:0,(anonymous_10)
FNDA:0,(anonymous_11)
FNDA:0,(anonymous_12)
FNDA:0,(anonymous_13)
FNDA:0,(anonymous_14)
FNDA:0,(anonymous_15)
FNDA:0,(anonymous_16)
FNDA:0,(anonymous_17)
DA:1,1
DA:3,1
DA:5,1
DA:6,0
DA:7,0
DA:8,0
DA:9,0
DA:10,0
DA:11,0
DA:12,0
DA:13,0
DA:16,0
DA:18,0
DA:19,0
DA:25,0
DA:28,1
DA:29,0
DA:30,0
DA:31,0
DA:32,0
DA:33,0
DA:38,0
DA:41,1
DA:42,0
DA:43,0
DA:44,0
DA:45,0
DA:46,0
DA:47,0
DA:48,0
DA:49,0
DA:54,0
DA:57,1
DA:58,0
DA:59,0
DA:60,0
DA:61,0
DA:62,0
DA:63,0
DA:64,0
DA:68,0
DA:72,1
DA:73,0
DA:74,0
DA:75,0
DA:76,0
DA:80,0
LF:47
LH:7
BRDA:12,0,0,0
BRF:1
BRH:0
end_of_record
TN:
SF:src\controleurs\utilisateurs.ts
FN:5,(anonymous_8)
FN:5,(anonymous_9)
FN:15,(anonymous_10)
FN:15,(anonymous_11)
FN:30,(anonymous_12)
FN:30,(anonymous_13)
FN:50,(anonymous_14)
FN:50,(anonymous_15)
FN:69,(anonymous_16)
FN:69,(anonymous_17)
FNF:10
FNH:0
FNDA:0,(anonymous_8)
FNDA:0,(anonymous_9)
FNDA:0,(anonymous_10)
FNDA:0,(anonymous_11)
FNDA:0,(anonymous_12)
FNDA:0,(anonymous_13)
FNDA:0,(anonymous_14)
FNDA:0,(anonymous_15)
FNDA:0,(anonymous_16)
FNDA:0,(anonymous_17)
DA:1,1
DA:5,1
DA:6,0
DA:7,0
DA:8,0
DA:9,0
DA:12,0
DA:15,1
DA:16,0
DA:17,0
DA:18,0
DA:19,0
DA:20,0
DA:21,0
DA:24,0
DA:28,1
DA:30,1
DA:31,0
DA:32,0
DA:34,0
DA:44,0
DA:46,0
DA:50,1
DA:51,0
DA:52,0
DA:53,0
DA:55,0
DA:64,0
DA:66,0
DA:69,1
DA:70,0
DA:71,0
DA:73,0
DA:74,0
DA:75,0
DA:78,0
DA:80,0
LF:37
LH:7
BRDA:40,0,0,0
BRDA:40,0,1,0
BRDA:41,1,0,0
BRDA:41,1,1,0
BRDA:60,2,0,0
BRDA:60,2,1,0
BRDA:61,3,0,0
BRDA:61,3,1,0
BRDA:74,4,0,0
BRF:9
BRH:0
end_of_record
TN:
SF:src\database\musiqueService.ts
FN:28,(anonymous_7)
FN:38,(anonymous_9)
FN:48,(anonymous_11)
FN:59,(anonymous_13)
FN:70,(anonymous_15)
FNF:5
FNH:0
FNDA:0,(anonymous_7)
FNDA:0,(anonymous_9)
FNDA:0,(anonymous_11)
FNDA:0,(anonymous_13)
FNDA:0,(anonymous_15)
DA:1,1
DA:26,1
DA:29,0
DA:33,0
DA:34,0
DA:35,0
DA:39,0
DA:43,0
DA:44,0
DA:45,0
DA:49,0
DA:53,0
DA:54,0
DA:55,0
DA:56,0
DA:60,0
DA:64,0
DA:65,0
DA:66,0
DA:67,0
DA:71,0
DA:89,0
DA:90,0
DA:91,0
DA:92,0
DA:94,0
DA:95,0
LF:27
LH:2
BRF:0
BRH:0
end_of_record
TN:
SF:src\database\pool.ts
FNF:0
FNH:0
DA:1,2
DA:2,2
DA:4,2
DA:7,2
LF:4
LH:4
BRF:0
BRH:0
end_of_record
TN:
SF:src\database\utilisateurService.ts
FN:34,(anonymous_7)
FN:54,(anonymous_9)
FN:68,(anonymous_11)
FN:82,(anonymous_13)
FN:91,(anonymous_15)
FN:102,(anonymous_17)
FN:108,(anonymous_19)
FN:115,(anonymous_21)
FN:125,(anonymous_23)
FNF:9
FNH:3
FNDA:1,(anonymous_7)
FNDA:1,(anonymous_9)
FNDA:1,(anonymous_11)
FNDA:0,(anonymous_13)
FNDA:0,(anonymous_15)
FNDA:0,(anonymous_17)
FNDA:0,(anonymous_19)
FNDA:0,(anonymous_21)
FNDA:0,(anonymous_23)
DA:1,3
DA:32,3
DA:35,1
DA:39,1
DA:40,1
DA:50,0
DA:55,1
DA:60,1
DA:61,1
DA:62,1
DA:64,0
DA:69,1
DA:74,1
DA:75,1
DA:76,1
DA:78,0
DA:83,0
DA:84,0
DA:85,0
DA:86,0
DA:87,0
DA:88,0
DA:92,0
DA:93,0
DA:94,0
DA:95,0
DA:96,0
DA:98,0
DA:99,0
DA:103,0
DA:104,0
DA:105,0
DA:109,0
DA:110,0
DA:111,0
DA:112,0
DA:116,0
DA:120,0
DA:121,0
DA:122,0
DA:123,0
DA:126,0
DA:131,0
LF:43
LH:13
BRDA:46,0,0,1
BRDA:46,0,1,0
BRDA:47,1,0,1
BRDA:47,1,1,0
BRDA:86,2,0,0
BRDA:95,3,0,0
BRDA:96,4,0,0
BRF:7
BRH:2
end_of_record
TN:
SF:src\database\test\testMusiqueService.ts
FN:3,(anonymous_8)
FN:3,(anonymous_9)
FN:11,(anonymous_10)
FN:11,(anonymous_11)
FN:19,(anonymous_12)
FN:19,(anonymous_13)
FNF:6
FNH:0
FNDA:0,(anonymous_8)
FNDA:0,(anonymous_9)
FNDA:0,(anonymous_10)
FNDA:0,(anonymous_11)
FNDA:0,(anonymous_12)
FNDA:0,(anonymous_13)
DA:1,0
DA:3,0
DA:4,0
DA:5,0
DA:6,0
DA:7,0
DA:8,0
DA:11,0
DA:12,0
DA:13,0
DA:14,0
DA:15,0
DA:16,0
DA:19,0
DA:20,0
DA:21,0
DA:22,0
DA:23,0
DA:24,0
DA:27,0
DA:37,0
LF:21
LH:0
BRF:0
BRH:0
end_of_record
TN:
SF:src\database\test\testUtilisateurService.ts
FN:4,(anonymous_8)
FN:4,(anonymous_9)
FN:12,(anonymous_10)
FN:12,(anonymous_11)
FN:21,(anonymous_12)
FN:21,(anonymous_13)
FN:30,(anonymous_14)
FN:30,(anonymous_15)
FN:38,(anonymous_16)
FN:38,(anonymous_17)
FN:46,(anonymous_18)
FN:46,(anonymous_19)
FN:54,(anonymous_20)
FN:54,(anonymous_21)
FNF:14
FNH:0
FNDA:0,(anonymous_8)
FNDA:0,(anonymous_9)
FNDA:0,(anonymous_10)
FNDA:0,(anonymous_11)
FNDA:0,(anonymous_12)
FNDA:0,(anonymous_13)
FNDA:0,(anonymous_14)
FNDA:0,(anonymous_15)
FNDA:0,(anonymous_16)
FNDA:0,(anonymous_17)
FNDA:0,(anonymous_18)
FNDA:0,(anonymous_19)
FNDA:0,(anonymous_20)
FNDA:0,(anonymous_21)
DA:1,0
DA:4,0
DA:5,0
DA:6,0
DA:7,0
DA:8,0
DA:12,0
DA:13,0
DA:14,0
DA:15,0
DA:16,0
DA:17,0
DA:21,0
DA:22,0
DA:23,0
DA:24,0
DA:25,0
DA:26,0
DA:30,0
DA:31,0
DA:32,0
DA:33,0
DA:34,0
DA:35,0
DA:38,0
DA:39,0
DA:40,0
DA:41,0
DA:42,0
DA:43,0
DA:46,0
DA:47,0
DA:48,0
DA:49,0
DA:50,0
DA:51,0
DA:54,0
DA:55,0
DA:56,0
DA:57,0
DA:59,0
DA:62,0
LF:42
LH:0
BRF:0
BRH:0
end_of_record
TN:
SF:src\middlewares\authentification.ts
FN:7,(anonymous_8)
FN:7,(anonymous_9)
FN:24,(anonymous_10)
FN:24,(anonymous_11)
FN:42,(anonymous_12)
FN:42,(anonymous_13)
FN:61,(anonymous_14)
FN:64,(anonymous_15)
FNF:8
FNH:0
FNDA:0,(anonymous_8)
FNDA:0,(anonymous_9)
FNDA:0,(anonymous_10)
FNDA:0,(anonymous_11)
FNDA:0,(anonymous_12)
FNDA:0,(anonymous_13)
FNDA:0,(anonymous_14)
FNDA:0,(anonymous_15)
DA:2,0
DA:3,0
DA:4,0
DA:7,0
DA:8,0
DA:9,0
DA:10,0
DA:11,0
DA:12,0
DA:13,0
DA:14,0
DA:17,0
DA:20,0
DA:24,0
DA:25,0
DA:26,0
DA:27,0
DA:28,0
DA:29,0
DA:30,0
DA:31,0
DA:34,0
DA:38,0
DA:42,0
DA:43,0
DA:44,0
DA:45,0
DA:46,0
DA:47,0
DA:48,0
DA:49,0
DA:50,0
DA:53,0
DA:56,0
DA:57,0
DA:61,0
DA:62,0
DA:63,0
DA:64,0
DA:65,0
DA:66,0
DA:67,0
DA:69,0
DA:70,0
DA:71,0
DA:75,0
LF:46
LH:0
BRDA:12,0,0,0
BRDA:12,0,1,0
BRDA:29,1,0,0
BRDA:29,1,1,0
BRDA:47,2,0,0
BRDA:47,2,1,0
BRDA:63,3,0,0
BRDA:63,3,1,0
BRDA:63,4,0,0
BRDA:63,4,1,0
BRDA:65,5,0,0
BRF:11
BRH:0
end_of_record
TN:
SF:src\middlewares\uploadMiddleware.ts
FN:5,(anonymous_7)
FN:8,(anonymous_8)
FNF:2
FNH:0
FNDA:0,(anonymous_7)
FNDA:0,(anonymous_8)
DA:1,1
DA:2,1
DA:4,1
DA:6,0
DA:9,0
DA:13,1
LF:6
LH:4
BRF:0
BRH:0
end_of_record
